[2023-03-12 05:39:17Z INFO HostContext] No proxy settings were found based on environmental variables (http_proxy/https_proxy/HTTP_PROXY/HTTPS_PROXY)
[2023-03-12 05:39:17Z INFO HostContext] Well known directory 'Bin': '/home/taufikmaulana/Documents/kerja/prep/Bitwyre/test/node-express-rest-api-example/actions-runner/bin'
[2023-03-12 05:39:17Z INFO HostContext] Well known directory 'Root': '/home/taufikmaulana/Documents/kerja/prep/Bitwyre/test/node-express-rest-api-example/actions-runner'
[2023-03-12 05:39:17Z INFO HostContext] Well known config file 'Credentials': '/home/taufikmaulana/Documents/kerja/prep/Bitwyre/test/node-express-rest-api-example/actions-runner/.credentials'
[2023-03-12 05:39:17Z INFO HostContext] Well known directory 'Bin': '/home/taufikmaulana/Documents/kerja/prep/Bitwyre/test/node-express-rest-api-example/actions-runner/bin'
[2023-03-12 05:39:17Z INFO HostContext] Well known directory 'Root': '/home/taufikmaulana/Documents/kerja/prep/Bitwyre/test/node-express-rest-api-example/actions-runner'
[2023-03-12 05:39:17Z INFO HostContext] Well known config file 'Runner': '/home/taufikmaulana/Documents/kerja/prep/Bitwyre/test/node-express-rest-api-example/actions-runner/.runner'
[2023-03-12 05:39:17Z INFO Listener] Runner is built for Linux (X64) - linux-x64.
[2023-03-12 05:39:17Z INFO Listener] RuntimeInformation: Linux 6.1.11-76060111-generic #202302091138~1675975749~22.04~f771a7f SMP PREEMPT_DYNAMIC Thu F.
[2023-03-12 05:39:17Z INFO Listener] Version: 2.302.1
[2023-03-12 05:39:17Z INFO Listener] Commit: b3492cb90f7a757c5a39196f956340fbbbae14d1
[2023-03-12 05:39:17Z INFO Listener] Culture: en-US
[2023-03-12 05:39:17Z INFO Listener] UI Culture: en-US
[2023-03-12 05:39:17Z INFO HostContext] Well known directory 'Bin': '/home/taufikmaulana/Documents/kerja/prep/Bitwyre/test/node-express-rest-api-example/actions-runner/bin'
[2023-03-12 05:39:17Z INFO HostContext] Well known directory 'Root': '/home/taufikmaulana/Documents/kerja/prep/Bitwyre/test/node-express-rest-api-example/actions-runner'
[2023-03-12 05:39:17Z INFO Listener] Validating directory permissions for: '/home/taufikmaulana/Documents/kerja/prep/Bitwyre/test/node-express-rest-api-example/actions-runner'
[2023-03-12 05:39:17Z INFO CommandLineParser] Parse
[2023-03-12 05:39:17Z INFO CommandLineParser] Parsing 1 args
[2023-03-12 05:39:17Z INFO CommandLineParser] parsing argument
[2023-03-12 05:39:17Z INFO CommandLineParser] HasArgs: False
[2023-03-12 05:39:17Z INFO CommandLineParser] Adding Command: run
[2023-03-12 05:39:17Z INFO Listener] Arguments parsed
[2023-03-12 05:39:17Z INFO Runner] ExecuteCommand
[2023-03-12 05:39:17Z INFO ConfigurationStore] currentAssemblyLocation: /home/taufikmaulana/Documents/kerja/prep/Bitwyre/test/node-express-rest-api-example/actions-runner/bin/Runner.Listener.dll
[2023-03-12 05:39:17Z INFO HostContext] Well known directory 'Bin': '/home/taufikmaulana/Documents/kerja/prep/Bitwyre/test/node-express-rest-api-example/actions-runner/bin'
[2023-03-12 05:39:17Z INFO ConfigurationStore] binPath: /home/taufikmaulana/Documents/kerja/prep/Bitwyre/test/node-express-rest-api-example/actions-runner/bin
[2023-03-12 05:39:17Z INFO HostContext] Well known directory 'Bin': '/home/taufikmaulana/Documents/kerja/prep/Bitwyre/test/node-express-rest-api-example/actions-runner/bin'
[2023-03-12 05:39:17Z INFO HostContext] Well known directory 'Root': '/home/taufikmaulana/Documents/kerja/prep/Bitwyre/test/node-express-rest-api-example/actions-runner'
[2023-03-12 05:39:17Z INFO ConfigurationStore] RootFolder: /home/taufikmaulana/Documents/kerja/prep/Bitwyre/test/node-express-rest-api-example/actions-runner
[2023-03-12 05:39:17Z INFO HostContext] Well known directory 'Bin': '/home/taufikmaulana/Documents/kerja/prep/Bitwyre/test/node-express-rest-api-example/actions-runner/bin'
[2023-03-12 05:39:17Z INFO HostContext] Well known directory 'Root': '/home/taufikmaulana/Documents/kerja/prep/Bitwyre/test/node-express-rest-api-example/actions-runner'
[2023-03-12 05:39:17Z INFO HostContext] Well known config file 'Runner': '/home/taufikmaulana/Documents/kerja/prep/Bitwyre/test/node-express-rest-api-example/actions-runner/.runner'
[2023-03-12 05:39:17Z INFO ConfigurationStore] ConfigFilePath: /home/taufikmaulana/Documents/kerja/prep/Bitwyre/test/node-express-rest-api-example/actions-runner/.runner
[2023-03-12 05:39:17Z INFO HostContext] Well known directory 'Bin': '/home/taufikmaulana/Documents/kerja/prep/Bitwyre/test/node-express-rest-api-example/actions-runner/bin'
[2023-03-12 05:39:17Z INFO HostContext] Well known directory 'Root': '/home/taufikmaulana/Documents/kerja/prep/Bitwyre/test/node-express-rest-api-example/actions-runner'
[2023-03-12 05:39:17Z INFO HostContext] Well known config file 'Credentials': '/home/taufikmaulana/Documents/kerja/prep/Bitwyre/test/node-express-rest-api-example/actions-runner/.credentials'
[2023-03-12 05:39:17Z INFO ConfigurationStore] CredFilePath: /home/taufikmaulana/Documents/kerja/prep/Bitwyre/test/node-express-rest-api-example/actions-runner/.credentials
[2023-03-12 05:39:17Z INFO HostContext] Well known directory 'Bin': '/home/taufikmaulana/Documents/kerja/prep/Bitwyre/test/node-express-rest-api-example/actions-runner/bin'
[2023-03-12 05:39:17Z INFO HostContext] Well known directory 'Root': '/home/taufikmaulana/Documents/kerja/prep/Bitwyre/test/node-express-rest-api-example/actions-runner'
[2023-03-12 05:39:17Z INFO HostContext] Well known config file 'MigratedCredentials': '/home/taufikmaulana/Documents/kerja/prep/Bitwyre/test/node-express-rest-api-example/actions-runner/.credentials_migrated'
[2023-03-12 05:39:17Z INFO ConfigurationStore] MigratedCredFilePath: /home/taufikmaulana/Documents/kerja/prep/Bitwyre/test/node-express-rest-api-example/actions-runner/.credentials_migrated
[2023-03-12 05:39:17Z INFO HostContext] Well known directory 'Bin': '/home/taufikmaulana/Documents/kerja/prep/Bitwyre/test/node-express-rest-api-example/actions-runner/bin'
[2023-03-12 05:39:17Z INFO HostContext] Well known directory 'Root': '/home/taufikmaulana/Documents/kerja/prep/Bitwyre/test/node-express-rest-api-example/actions-runner'
[2023-03-12 05:39:17Z INFO HostContext] Well known config file 'Service': '/home/taufikmaulana/Documents/kerja/prep/Bitwyre/test/node-express-rest-api-example/actions-runner/.service'
[2023-03-12 05:39:17Z INFO ConfigurationStore] ServiceConfigFilePath: /home/taufikmaulana/Documents/kerja/prep/Bitwyre/test/node-express-rest-api-example/actions-runner/.service
[2023-03-12 05:39:17Z INFO CommandSettings] Flag 'help': 'False'
[2023-03-12 05:39:17Z INFO CommandSettings] Flag 'version': 'False'
[2023-03-12 05:39:17Z INFO CommandSettings] Flag 'commit': 'False'
[2023-03-12 05:39:17Z INFO CommandSettings] Flag 'check': 'False'
[2023-03-12 05:39:17Z INFO CommandSettings] Command 'configure': 'False'
[2023-03-12 05:39:17Z INFO CommandSettings] Command 'remove': 'False'
[2023-03-12 05:39:17Z INFO CommandSettings] Command 'warmup': 'False'
[2023-03-12 05:39:17Z INFO ConfigurationManager] LoadSettings
[2023-03-12 05:39:17Z INFO ConfigurationStore] IsConfigured()
[2023-03-12 05:39:17Z INFO ConfigurationStore] IsConfigured: True
[2023-03-12 05:39:17Z INFO ConfigurationManager] Is configured: True
[2023-03-12 05:39:17Z INFO ConfigurationStore] Read setting file: 300 chars
[2023-03-12 05:39:17Z INFO ConfigurationManager] Settings Loaded
[2023-03-12 05:39:17Z INFO ConfigurationStore] IsServiceConfigured()
[2023-03-12 05:39:17Z INFO ConfigurationStore] IsServiceConfigured: False
[2023-03-12 05:39:17Z INFO CommandSettings] Command 'run': 'True'
[2023-03-12 05:39:17Z INFO ConfigurationStore] IsConfigured()
[2023-03-12 05:39:17Z INFO ConfigurationStore] IsConfigured: True
[2023-03-12 05:39:17Z INFO ConfigurationManager] Is configured: True
[2023-03-12 05:39:17Z INFO Runner] Could not parse the argument value '' for StartupType. Defaulting to Manual
[2023-03-12 05:39:17Z INFO Runner] Set runner startup type - Manual
[2023-03-12 05:39:17Z INFO CommandSettings] Flag 'once': 'False'
[2023-03-12 05:39:17Z INFO CommandSettings] Flag 'once': 'False'
[2023-03-12 05:39:17Z INFO Runner] RunAsync
[2023-03-12 05:39:17Z INFO ConfigurationManager] LoadSettings
[2023-03-12 05:39:17Z INFO ConfigurationStore] IsConfigured()
[2023-03-12 05:39:17Z INFO ConfigurationStore] IsConfigured: True
[2023-03-12 05:39:17Z INFO ConfigurationManager] Is configured: True
[2023-03-12 05:39:17Z INFO ConfigurationManager] Settings Loaded
[2023-03-12 05:39:17Z INFO MessageListener] {
  "AgentId": 22,
  "AgentName": "pop-os",
  "PoolId": 1,
  "PoolName": "Default",
  "ServerUrl": "https://pipelines.actions.githubusercontent.com/F0Ed34UtTOejw8hLJsFbGr3FqJKLBKGt5O6trR7VqAIwpnHm9l",
  "GitHubUrl": "https://github.com/tombo0/node-express-rest-api-example",
  "WorkFolder": "_work"
}
[2023-03-12 05:39:17Z INFO MessageListener] Loading Credentials
[2023-03-12 05:39:17Z INFO ConfigurationStore] HasCredentials()
[2023-03-12 05:39:17Z INFO ConfigurationStore] stored True
[2023-03-12 05:39:17Z INFO CredentialManager] GetCredentialProvider
[2023-03-12 05:39:17Z INFO CredentialManager] Creating type OAuth
[2023-03-12 05:39:17Z INFO CredentialManager] Creating credential type: OAuth
[2023-03-12 05:39:17Z INFO HostContext] Well known directory 'Bin': '/home/taufikmaulana/Documents/kerja/prep/Bitwyre/test/node-express-rest-api-example/actions-runner/bin'
[2023-03-12 05:39:17Z INFO HostContext] Well known directory 'Root': '/home/taufikmaulana/Documents/kerja/prep/Bitwyre/test/node-express-rest-api-example/actions-runner'
[2023-03-12 05:39:17Z INFO HostContext] Well known config file 'RSACredentials': '/home/taufikmaulana/Documents/kerja/prep/Bitwyre/test/node-express-rest-api-example/actions-runner/.credentials_rsaparams'
[2023-03-12 05:39:17Z INFO RSAFileKeyManager] Loading RSA key parameters from file /home/taufikmaulana/Documents/kerja/prep/Bitwyre/test/node-express-rest-api-example/actions-runner/.credentials_rsaparams
[2023-03-12 05:39:17Z INFO MessageListener] Attempt to create session.
[2023-03-12 05:39:17Z INFO MessageListener] Connecting to the Runner Server...
[2023-03-12 05:39:17Z INFO RunnerServer] EstablishVssConnection
[2023-03-12 05:39:17Z INFO RunnerServer] Establish connection with 100 seconds timeout.
[2023-03-12 05:39:17Z INFO GitHubActionsService] Starting operation Location.GetConnectionData
[2023-03-12 05:39:17Z INFO RunnerServer] EstablishVssConnection
[2023-03-12 05:39:17Z INFO RunnerServer] Establish connection with 60 seconds timeout.
[2023-03-12 05:39:17Z INFO GitHubActionsService] Starting operation Location.GetConnectionData
[2023-03-12 05:39:17Z INFO RunnerServer] EstablishVssConnection
[2023-03-12 05:39:17Z INFO RunnerServer] Establish connection with 60 seconds timeout.
[2023-03-12 05:39:17Z INFO GitHubActionsService] Starting operation Location.GetConnectionData
[2023-03-12 05:39:18Z INFO GitHubActionsService] Finished operation Location.GetConnectionData
[2023-03-12 05:39:18Z INFO GitHubActionsService] Finished operation Location.GetConnectionData
[2023-03-12 05:39:18Z INFO GitHubActionsService] Finished operation Location.GetConnectionData
[2023-03-12 05:39:18Z INFO MessageListener] VssConnection created
[2023-03-12 05:39:18Z INFO Terminal] WRITE LINE: 
[2023-03-12 05:39:18Z INFO Terminal] WRITE LINE: 
[2023-03-12 05:39:19Z INFO RSAFileKeyManager] Loading RSA key parameters from file /home/taufikmaulana/Documents/kerja/prep/Bitwyre/test/node-express-rest-api-example/actions-runner/.credentials_rsaparams
[2023-03-12 05:39:19Z INFO RSAFileKeyManager] Loading RSA key parameters from file /home/taufikmaulana/Documents/kerja/prep/Bitwyre/test/node-express-rest-api-example/actions-runner/.credentials_rsaparams
[2023-03-12 05:39:20Z INFO GitHubActionsService] AAD Correlation ID for this token request: Unknown
[2023-03-12 05:39:21Z INFO MessageListener] Session created.
[2023-03-12 05:39:21Z INFO Terminal] WRITE LINE: Current runner version: '2.302.1'
[2023-03-12 05:39:21Z INFO Terminal] WRITE LINE: 2023-03-12 05:39:21Z: Listening for Jobs
[2023-03-12 05:39:21Z INFO JobDispatcher] Set runner/worker IPC timeout to 30 seconds.
