[2023-03-12 06:48:13Z INFO HostContext] No proxy settings were found based on environmental variables (http_proxy/https_proxy/HTTP_PROXY/HTTPS_PROXY)
[2023-03-12 06:48:13Z INFO HostContext] Well known directory 'Bin': '/home/taufikmaulana/Documents/kerja/prep/Bitwyre/test/node-express-rest-api-example/actions-runner/bin'
[2023-03-12 06:48:13Z INFO HostContext] Well known directory 'Root': '/home/taufikmaulana/Documents/kerja/prep/Bitwyre/test/node-express-rest-api-example/actions-runner'
[2023-03-12 06:48:13Z INFO HostContext] Well known config file 'Credentials': '/home/taufikmaulana/Documents/kerja/prep/Bitwyre/test/node-express-rest-api-example/actions-runner/.credentials'
[2023-03-12 06:48:13Z INFO HostContext] Well known directory 'Bin': '/home/taufikmaulana/Documents/kerja/prep/Bitwyre/test/node-express-rest-api-example/actions-runner/bin'
[2023-03-12 06:48:13Z INFO HostContext] Well known directory 'Root': '/home/taufikmaulana/Documents/kerja/prep/Bitwyre/test/node-express-rest-api-example/actions-runner'
[2023-03-12 06:48:13Z INFO HostContext] Well known config file 'Runner': '/home/taufikmaulana/Documents/kerja/prep/Bitwyre/test/node-express-rest-api-example/actions-runner/.runner'
[2023-03-12 06:48:13Z INFO Listener] Runner is built for Linux (X64) - linux-x64.
[2023-03-12 06:48:13Z INFO Listener] RuntimeInformation: Linux 6.1.11-76060111-generic #202302091138~1675975749~22.04~f771a7f SMP PREEMPT_DYNAMIC Thu F.
[2023-03-12 06:48:13Z INFO Listener] Version: 2.302.1
[2023-03-12 06:48:13Z INFO Listener] Commit: b3492cb90f7a757c5a39196f956340fbbbae14d1
[2023-03-12 06:48:13Z INFO Listener] Culture: en-US
[2023-03-12 06:48:13Z INFO Listener] UI Culture: en-US
[2023-03-12 06:48:13Z INFO HostContext] Well known directory 'Bin': '/home/taufikmaulana/Documents/kerja/prep/Bitwyre/test/node-express-rest-api-example/actions-runner/bin'
[2023-03-12 06:48:13Z INFO HostContext] Well known directory 'Root': '/home/taufikmaulana/Documents/kerja/prep/Bitwyre/test/node-express-rest-api-example/actions-runner'
[2023-03-12 06:48:13Z INFO Listener] Validating directory permissions for: '/home/taufikmaulana/Documents/kerja/prep/Bitwyre/test/node-express-rest-api-example/actions-runner'
[2023-03-12 06:48:13Z INFO CommandLineParser] Parse
[2023-03-12 06:48:13Z INFO CommandLineParser] Parsing 1 args
[2023-03-12 06:48:13Z INFO CommandLineParser] parsing argument
[2023-03-12 06:48:13Z INFO CommandLineParser] HasArgs: False
[2023-03-12 06:48:13Z INFO CommandLineParser] Adding Command: run
[2023-03-12 06:48:13Z INFO Listener] Arguments parsed
[2023-03-12 06:48:13Z INFO Runner] ExecuteCommand
[2023-03-12 06:48:13Z INFO ConfigurationStore] currentAssemblyLocation: /home/taufikmaulana/Documents/kerja/prep/Bitwyre/test/node-express-rest-api-example/actions-runner/bin/Runner.Listener.dll
[2023-03-12 06:48:13Z INFO HostContext] Well known directory 'Bin': '/home/taufikmaulana/Documents/kerja/prep/Bitwyre/test/node-express-rest-api-example/actions-runner/bin'
[2023-03-12 06:48:13Z INFO ConfigurationStore] binPath: /home/taufikmaulana/Documents/kerja/prep/Bitwyre/test/node-express-rest-api-example/actions-runner/bin
[2023-03-12 06:48:13Z INFO HostContext] Well known directory 'Bin': '/home/taufikmaulana/Documents/kerja/prep/Bitwyre/test/node-express-rest-api-example/actions-runner/bin'
[2023-03-12 06:48:13Z INFO HostContext] Well known directory 'Root': '/home/taufikmaulana/Documents/kerja/prep/Bitwyre/test/node-express-rest-api-example/actions-runner'
[2023-03-12 06:48:13Z INFO ConfigurationStore] RootFolder: /home/taufikmaulana/Documents/kerja/prep/Bitwyre/test/node-express-rest-api-example/actions-runner
[2023-03-12 06:48:13Z INFO HostContext] Well known directory 'Bin': '/home/taufikmaulana/Documents/kerja/prep/Bitwyre/test/node-express-rest-api-example/actions-runner/bin'
[2023-03-12 06:48:13Z INFO HostContext] Well known directory 'Root': '/home/taufikmaulana/Documents/kerja/prep/Bitwyre/test/node-express-rest-api-example/actions-runner'
[2023-03-12 06:48:13Z INFO HostContext] Well known config file 'Runner': '/home/taufikmaulana/Documents/kerja/prep/Bitwyre/test/node-express-rest-api-example/actions-runner/.runner'
[2023-03-12 06:48:13Z INFO ConfigurationStore] ConfigFilePath: /home/taufikmaulana/Documents/kerja/prep/Bitwyre/test/node-express-rest-api-example/actions-runner/.runner
[2023-03-12 06:48:13Z INFO HostContext] Well known directory 'Bin': '/home/taufikmaulana/Documents/kerja/prep/Bitwyre/test/node-express-rest-api-example/actions-runner/bin'
[2023-03-12 06:48:13Z INFO HostContext] Well known directory 'Root': '/home/taufikmaulana/Documents/kerja/prep/Bitwyre/test/node-express-rest-api-example/actions-runner'
[2023-03-12 06:48:13Z INFO HostContext] Well known config file 'Credentials': '/home/taufikmaulana/Documents/kerja/prep/Bitwyre/test/node-express-rest-api-example/actions-runner/.credentials'
[2023-03-12 06:48:13Z INFO ConfigurationStore] CredFilePath: /home/taufikmaulana/Documents/kerja/prep/Bitwyre/test/node-express-rest-api-example/actions-runner/.credentials
[2023-03-12 06:48:13Z INFO HostContext] Well known directory 'Bin': '/home/taufikmaulana/Documents/kerja/prep/Bitwyre/test/node-express-rest-api-example/actions-runner/bin'
[2023-03-12 06:48:13Z INFO HostContext] Well known directory 'Root': '/home/taufikmaulana/Documents/kerja/prep/Bitwyre/test/node-express-rest-api-example/actions-runner'
[2023-03-12 06:48:13Z INFO HostContext] Well known config file 'MigratedCredentials': '/home/taufikmaulana/Documents/kerja/prep/Bitwyre/test/node-express-rest-api-example/actions-runner/.credentials_migrated'
[2023-03-12 06:48:13Z INFO ConfigurationStore] MigratedCredFilePath: /home/taufikmaulana/Documents/kerja/prep/Bitwyre/test/node-express-rest-api-example/actions-runner/.credentials_migrated
[2023-03-12 06:48:13Z INFO HostContext] Well known directory 'Bin': '/home/taufikmaulana/Documents/kerja/prep/Bitwyre/test/node-express-rest-api-example/actions-runner/bin'
[2023-03-12 06:48:13Z INFO HostContext] Well known directory 'Root': '/home/taufikmaulana/Documents/kerja/prep/Bitwyre/test/node-express-rest-api-example/actions-runner'
[2023-03-12 06:48:13Z INFO HostContext] Well known config file 'Service': '/home/taufikmaulana/Documents/kerja/prep/Bitwyre/test/node-express-rest-api-example/actions-runner/.service'
[2023-03-12 06:48:13Z INFO ConfigurationStore] ServiceConfigFilePath: /home/taufikmaulana/Documents/kerja/prep/Bitwyre/test/node-express-rest-api-example/actions-runner/.service
[2023-03-12 06:48:13Z INFO CommandSettings] Flag 'help': 'False'
[2023-03-12 06:48:13Z INFO CommandSettings] Flag 'version': 'False'
[2023-03-12 06:48:13Z INFO CommandSettings] Flag 'commit': 'False'
[2023-03-12 06:48:13Z INFO CommandSettings] Flag 'check': 'False'
[2023-03-12 06:48:13Z INFO CommandSettings] Command 'configure': 'False'
[2023-03-12 06:48:13Z INFO CommandSettings] Command 'remove': 'False'
[2023-03-12 06:48:13Z INFO CommandSettings] Command 'warmup': 'False'
[2023-03-12 06:48:13Z INFO ConfigurationManager] LoadSettings
[2023-03-12 06:48:13Z INFO ConfigurationStore] IsConfigured()
[2023-03-12 06:48:13Z INFO ConfigurationStore] IsConfigured: True
[2023-03-12 06:48:13Z INFO ConfigurationManager] Is configured: True
[2023-03-12 06:48:13Z INFO ConfigurationStore] Read setting file: 300 chars
[2023-03-12 06:48:13Z INFO ConfigurationManager] Settings Loaded
[2023-03-12 06:48:13Z INFO ConfigurationStore] IsServiceConfigured()
[2023-03-12 06:48:13Z INFO ConfigurationStore] IsServiceConfigured: False
[2023-03-12 06:48:13Z INFO CommandSettings] Command 'run': 'True'
[2023-03-12 06:48:13Z INFO ConfigurationStore] IsConfigured()
[2023-03-12 06:48:13Z INFO ConfigurationStore] IsConfigured: True
[2023-03-12 06:48:13Z INFO ConfigurationManager] Is configured: True
[2023-03-12 06:48:13Z INFO Runner] Could not parse the argument value '' for StartupType. Defaulting to Manual
[2023-03-12 06:48:13Z INFO Runner] Set runner startup type - Manual
[2023-03-12 06:48:13Z INFO CommandSettings] Flag 'once': 'False'
[2023-03-12 06:48:13Z INFO CommandSettings] Flag 'once': 'False'
[2023-03-12 06:48:13Z INFO Runner] RunAsync
[2023-03-12 06:48:13Z INFO ConfigurationManager] LoadSettings
[2023-03-12 06:48:13Z INFO ConfigurationStore] IsConfigured()
[2023-03-12 06:48:13Z INFO ConfigurationStore] IsConfigured: True
[2023-03-12 06:48:13Z INFO ConfigurationManager] Is configured: True
[2023-03-12 06:48:13Z INFO ConfigurationManager] Settings Loaded
[2023-03-12 06:48:13Z INFO MessageListener] {
  "AgentId": 24,
  "AgentName": "pop-os",
  "PoolId": 1,
  "PoolName": "Default",
  "ServerUrl": "https://pipelines.actions.githubusercontent.com/F0Ed34UtTOejw8hLJsFbGr3FqJKLBKGt5O6trR7VqAIwpnHm9l",
  "GitHubUrl": "https://github.com/tombo0/node-express-rest-api-example",
  "WorkFolder": "_work"
}
[2023-03-12 06:48:13Z INFO MessageListener] Loading Credentials
[2023-03-12 06:48:13Z INFO ConfigurationStore] HasCredentials()
[2023-03-12 06:48:13Z INFO ConfigurationStore] stored True
[2023-03-12 06:48:13Z INFO CredentialManager] GetCredentialProvider
[2023-03-12 06:48:13Z INFO CredentialManager] Creating type OAuth
[2023-03-12 06:48:13Z INFO CredentialManager] Creating credential type: OAuth
[2023-03-12 06:48:13Z INFO HostContext] Well known directory 'Bin': '/home/taufikmaulana/Documents/kerja/prep/Bitwyre/test/node-express-rest-api-example/actions-runner/bin'
[2023-03-12 06:48:13Z INFO HostContext] Well known directory 'Root': '/home/taufikmaulana/Documents/kerja/prep/Bitwyre/test/node-express-rest-api-example/actions-runner'
[2023-03-12 06:48:13Z INFO HostContext] Well known config file 'RSACredentials': '/home/taufikmaulana/Documents/kerja/prep/Bitwyre/test/node-express-rest-api-example/actions-runner/.credentials_rsaparams'
[2023-03-12 06:48:13Z INFO RSAFileKeyManager] Loading RSA key parameters from file /home/taufikmaulana/Documents/kerja/prep/Bitwyre/test/node-express-rest-api-example/actions-runner/.credentials_rsaparams
[2023-03-12 06:48:13Z INFO MessageListener] Attempt to create session.
[2023-03-12 06:48:13Z INFO MessageListener] Connecting to the Runner Server...
[2023-03-12 06:48:13Z INFO RunnerServer] EstablishVssConnection
[2023-03-12 06:48:13Z INFO RunnerServer] Establish connection with 100 seconds timeout.
[2023-03-12 06:48:13Z INFO GitHubActionsService] Starting operation Location.GetConnectionData
[2023-03-12 06:48:13Z INFO RunnerServer] EstablishVssConnection
[2023-03-12 06:48:13Z INFO RunnerServer] Establish connection with 60 seconds timeout.
[2023-03-12 06:48:13Z INFO GitHubActionsService] Starting operation Location.GetConnectionData
[2023-03-12 06:48:13Z INFO RunnerServer] EstablishVssConnection
[2023-03-12 06:48:13Z INFO RunnerServer] Establish connection with 60 seconds timeout.
[2023-03-12 06:48:13Z INFO GitHubActionsService] Starting operation Location.GetConnectionData
[2023-03-12 06:48:14Z INFO GitHubActionsService] Finished operation Location.GetConnectionData
[2023-03-12 06:48:14Z INFO GitHubActionsService] Finished operation Location.GetConnectionData
[2023-03-12 06:48:15Z INFO GitHubActionsService] Finished operation Location.GetConnectionData
[2023-03-12 06:48:15Z INFO MessageListener] VssConnection created
[2023-03-12 06:48:15Z INFO Terminal] WRITE LINE: 
[2023-03-12 06:48:15Z INFO Terminal] WRITE LINE: 
[2023-03-12 06:48:15Z INFO RSAFileKeyManager] Loading RSA key parameters from file /home/taufikmaulana/Documents/kerja/prep/Bitwyre/test/node-express-rest-api-example/actions-runner/.credentials_rsaparams
[2023-03-12 06:48:15Z INFO RSAFileKeyManager] Loading RSA key parameters from file /home/taufikmaulana/Documents/kerja/prep/Bitwyre/test/node-express-rest-api-example/actions-runner/.credentials_rsaparams
[2023-03-12 06:48:16Z INFO GitHubActionsService] AAD Correlation ID for this token request: Unknown
[2023-03-12 06:48:17Z INFO MessageListener] Session created.
[2023-03-12 06:48:17Z INFO Terminal] WRITE LINE: Current runner version: '2.302.1'
[2023-03-12 06:48:17Z INFO Terminal] WRITE LINE: 2023-03-12 06:48:17Z: Listening for Jobs
[2023-03-12 06:48:17Z INFO JobDispatcher] Set runner/worker IPC timeout to 30 seconds.
[2023-03-12 06:49:09Z INFO RSAFileKeyManager] Loading RSA key parameters from file /home/taufikmaulana/Documents/kerja/prep/Bitwyre/test/node-express-rest-api-example/actions-runner/.credentials_rsaparams
[2023-03-12 06:49:09Z INFO MessageListener] Message '2' received from session 'b510f44a-d4be-4956-9d49-8accdac6f435'.
[2023-03-12 06:49:09Z INFO Runner] Received job message of length 23212 from service, with hash '5666ace22aff58c07ee99bab4a9bcbfef7c97c89bc995d9b0d111b158e10167e'
[2023-03-12 06:49:09Z INFO JobDispatcher] Job request 9 for plan 78f16e1a-7b9f-496f-80ac-e5bb70e4a881 job 204d5d23-dbb7-50ec-f22f-54ad11c452c6 received.
[2023-03-12 06:49:09Z INFO JobDispatcher] Pull OrchestrationId 78f16e1a-7b9f-496f-80ac-e5bb70e4a881.deploy-github-runner.__default from JWT claims
[2023-03-12 06:49:09Z INFO Terminal] WRITE LINE: 2023-03-12 06:49:09Z: Running job: deploy-github-runner
[2023-03-12 06:49:09Z INFO JobDispatcher] Start renew job request 9 for job 204d5d23-dbb7-50ec-f22f-54ad11c452c6.
[2023-03-12 06:49:09Z INFO JobDispatcher] Successfully renew job request 9, job is valid till 3/12/2023 6:59:09 AM
[2023-03-12 06:49:09Z INFO HostContext] Well known directory 'Bin': '/home/taufikmaulana/Documents/kerja/prep/Bitwyre/test/node-express-rest-api-example/actions-runner/bin'
[2023-03-12 06:49:09Z INFO ProcessInvokerWrapper] Starting process:
[2023-03-12 06:49:09Z INFO ProcessInvokerWrapper]   File name: '/home/taufikmaulana/Documents/kerja/prep/Bitwyre/test/node-express-rest-api-example/actions-runner/bin/Runner.Worker'
[2023-03-12 06:49:09Z INFO ProcessInvokerWrapper]   Arguments: 'spawnclient 129 132'
[2023-03-12 06:49:09Z INFO ProcessInvokerWrapper]   Working directory: '/home/taufikmaulana/Documents/kerja/prep/Bitwyre/test/node-express-rest-api-example/actions-runner/bin'
[2023-03-12 06:49:09Z INFO ProcessInvokerWrapper]   Require exit code zero: 'False'
[2023-03-12 06:49:09Z INFO ProcessInvokerWrapper]   Encoding web name:  ; code page: ''
[2023-03-12 06:49:09Z INFO ProcessInvokerWrapper]   Force kill process on cancellation: 'True'
[2023-03-12 06:49:09Z INFO ProcessInvokerWrapper]   Redirected STDIN: 'False'
[2023-03-12 06:49:09Z INFO ProcessInvokerWrapper]   Persist current code page: 'False'
[2023-03-12 06:49:09Z INFO ProcessInvokerWrapper]   Keep redirected STDIN open: 'False'
[2023-03-12 06:49:09Z INFO ProcessInvokerWrapper]   High priority process: 'True'
[2023-03-12 06:49:09Z INFO ProcessInvokerWrapper] Process started with process id 36329, waiting for process exit.
[2023-03-12 06:49:09Z INFO JobDispatcher] Send job request message to worker for job 204d5d23-dbb7-50ec-f22f-54ad11c452c6.
[2023-03-12 06:49:09Z INFO ProcessChannel] Sending message of length 23212, with hash '5666ace22aff58c07ee99bab4a9bcbfef7c97c89bc995d9b0d111b158e10167e'
[2023-03-12 06:49:09Z INFO JobNotification] Entering JobStarted Notification
[2023-03-12 06:49:09Z INFO JobNotification] Entering StartMonitor
[2023-03-12 06:50:10Z INFO JobDispatcher] Successfully renew job request 9, job is valid till 3/12/2023 7:00:09 AM
[2023-03-12 06:50:42Z INFO ProcessInvokerWrapper] STDOUT/STDERR stream read finished.
[2023-03-12 06:50:42Z INFO ProcessInvokerWrapper] STDOUT/STDERR stream read finished.
[2023-03-12 06:50:42Z INFO ProcessInvokerWrapper] Finished process 36329 with exit code 100, and elapsed time 00:01:32.9271141.
[2023-03-12 06:50:42Z INFO JobDispatcher] Worker finished for job 204d5d23-dbb7-50ec-f22f-54ad11c452c6. Code: 100
[2023-03-12 06:50:42Z INFO JobDispatcher] finish job request for job 204d5d23-dbb7-50ec-f22f-54ad11c452c6 with result: Succeeded
[2023-03-12 06:50:42Z INFO Terminal] WRITE LINE: 2023-03-12 06:50:42Z: Job deploy-github-runner completed with result: Succeeded
[2023-03-12 06:50:42Z INFO JobDispatcher] Stop renew job request for job 204d5d23-dbb7-50ec-f22f-54ad11c452c6.
[2023-03-12 06:50:42Z INFO JobDispatcher] job renew has been cancelled, stop renew job request 9.
[2023-03-12 06:50:42Z INFO JobNotification] Entering JobCompleted Notification
[2023-03-12 06:50:42Z INFO JobNotification] Entering EndMonitor
[2023-03-12 06:53:27Z INFO Terminal] WRITE LINE: Exiting...
[2023-03-12 06:53:27Z INFO ConfigurationStore] IsServiceConfigured()
[2023-03-12 06:53:27Z INFO ConfigurationStore] IsServiceConfigured: False
[2023-03-12 06:53:27Z INFO HostContext] Runner will be shutdown for UserCancelled
[2023-03-12 06:53:27Z WARN GitHubActionsService] GET request to https://pipelines.actions.githubusercontent.com/F0Ed34UtTOejw8hLJsFbGr3FqJKLBKGt5O6trR7VqAIwpnHm9l/_apis/distributedtask/pools/1/messages?sessionId=b510f44a-d4be-4956-9d49-8accdac6f435&lastMessageId=2&status=Online&runnerVersion=2.302.1 has been cancelled.
[2023-03-12 06:53:27Z INFO MessageListener] Get next message has been cancelled.
[2023-03-12 06:53:27Z INFO JobDispatcher] Shutting down JobDispatcher. Make sure all WorkerDispatcher has finished.
[2023-03-12 06:53:27Z INFO JobDispatcher] Ensure WorkerDispather for job 204d5d23-dbb7-50ec-f22f-54ad11c452c6 run to finish, cancel any running job.
[2023-03-12 06:53:27Z INFO JobDispatcher] Job request 204d5d23-dbb7-50ec-f22f-54ad11c452c6 processed succeed.
[2023-03-12 06:53:28Z INFO Listener] Runner execution been cancelled.
