[2023-03-13 05:01:53Z INFO HostContext] No proxy settings were found based on environmental variables (http_proxy/https_proxy/HTTP_PROXY/HTTPS_PROXY)
[2023-03-13 05:01:53Z INFO HostContext] Well known directory 'Bin': '/home/taufikmaulana/Documents/kerja/prep/Bitwyre/test/node-express-rest-api-example/actions-runner/bin'
[2023-03-13 05:01:53Z INFO HostContext] Well known directory 'Root': '/home/taufikmaulana/Documents/kerja/prep/Bitwyre/test/node-express-rest-api-example/actions-runner'
[2023-03-13 05:01:53Z INFO HostContext] Well known config file 'Credentials': '/home/taufikmaulana/Documents/kerja/prep/Bitwyre/test/node-express-rest-api-example/actions-runner/.credentials'
[2023-03-13 05:01:53Z INFO HostContext] Well known directory 'Bin': '/home/taufikmaulana/Documents/kerja/prep/Bitwyre/test/node-express-rest-api-example/actions-runner/bin'
[2023-03-13 05:01:53Z INFO HostContext] Well known directory 'Root': '/home/taufikmaulana/Documents/kerja/prep/Bitwyre/test/node-express-rest-api-example/actions-runner'
[2023-03-13 05:01:53Z INFO HostContext] Well known config file 'Runner': '/home/taufikmaulana/Documents/kerja/prep/Bitwyre/test/node-express-rest-api-example/actions-runner/.runner'
[2023-03-13 05:01:53Z INFO Listener] Runner is built for Linux (X64) - linux-x64.
[2023-03-13 05:01:53Z INFO Listener] RuntimeInformation: Linux 6.1.11-76060111-generic #202302091138~1675975749~22.04~f771a7f SMP PREEMPT_DYNAMIC Thu F.
[2023-03-13 05:01:53Z INFO Listener] Version: 2.302.1
[2023-03-13 05:01:53Z INFO Listener] Commit: b3492cb90f7a757c5a39196f956340fbbbae14d1
[2023-03-13 05:01:53Z INFO Listener] Culture: en-US
[2023-03-13 05:01:53Z INFO Listener] UI Culture: en-US
[2023-03-13 05:01:53Z INFO HostContext] Well known directory 'Bin': '/home/taufikmaulana/Documents/kerja/prep/Bitwyre/test/node-express-rest-api-example/actions-runner/bin'
[2023-03-13 05:01:53Z INFO HostContext] Well known directory 'Root': '/home/taufikmaulana/Documents/kerja/prep/Bitwyre/test/node-express-rest-api-example/actions-runner'
[2023-03-13 05:01:53Z INFO Listener] Validating directory permissions for: '/home/taufikmaulana/Documents/kerja/prep/Bitwyre/test/node-express-rest-api-example/actions-runner'
[2023-03-13 05:01:53Z INFO CommandLineParser] Parse
[2023-03-13 05:01:53Z INFO CommandLineParser] Parsing 1 args
[2023-03-13 05:01:53Z INFO CommandLineParser] parsing argument
[2023-03-13 05:01:53Z INFO CommandLineParser] HasArgs: False
[2023-03-13 05:01:53Z INFO CommandLineParser] Adding Command: run
[2023-03-13 05:01:53Z INFO Listener] Arguments parsed
[2023-03-13 05:01:53Z INFO Runner] ExecuteCommand
[2023-03-13 05:01:53Z INFO ConfigurationStore] currentAssemblyLocation: /home/taufikmaulana/Documents/kerja/prep/Bitwyre/test/node-express-rest-api-example/actions-runner/bin/Runner.Listener.dll
[2023-03-13 05:01:53Z INFO HostContext] Well known directory 'Bin': '/home/taufikmaulana/Documents/kerja/prep/Bitwyre/test/node-express-rest-api-example/actions-runner/bin'
[2023-03-13 05:01:53Z INFO ConfigurationStore] binPath: /home/taufikmaulana/Documents/kerja/prep/Bitwyre/test/node-express-rest-api-example/actions-runner/bin
[2023-03-13 05:01:53Z INFO HostContext] Well known directory 'Bin': '/home/taufikmaulana/Documents/kerja/prep/Bitwyre/test/node-express-rest-api-example/actions-runner/bin'
[2023-03-13 05:01:53Z INFO HostContext] Well known directory 'Root': '/home/taufikmaulana/Documents/kerja/prep/Bitwyre/test/node-express-rest-api-example/actions-runner'
[2023-03-13 05:01:53Z INFO ConfigurationStore] RootFolder: /home/taufikmaulana/Documents/kerja/prep/Bitwyre/test/node-express-rest-api-example/actions-runner
[2023-03-13 05:01:53Z INFO HostContext] Well known directory 'Bin': '/home/taufikmaulana/Documents/kerja/prep/Bitwyre/test/node-express-rest-api-example/actions-runner/bin'
[2023-03-13 05:01:53Z INFO HostContext] Well known directory 'Root': '/home/taufikmaulana/Documents/kerja/prep/Bitwyre/test/node-express-rest-api-example/actions-runner'
[2023-03-13 05:01:53Z INFO HostContext] Well known config file 'Runner': '/home/taufikmaulana/Documents/kerja/prep/Bitwyre/test/node-express-rest-api-example/actions-runner/.runner'
[2023-03-13 05:01:53Z INFO ConfigurationStore] ConfigFilePath: /home/taufikmaulana/Documents/kerja/prep/Bitwyre/test/node-express-rest-api-example/actions-runner/.runner
[2023-03-13 05:01:53Z INFO HostContext] Well known directory 'Bin': '/home/taufikmaulana/Documents/kerja/prep/Bitwyre/test/node-express-rest-api-example/actions-runner/bin'
[2023-03-13 05:01:53Z INFO HostContext] Well known directory 'Root': '/home/taufikmaulana/Documents/kerja/prep/Bitwyre/test/node-express-rest-api-example/actions-runner'
[2023-03-13 05:01:53Z INFO HostContext] Well known config file 'Credentials': '/home/taufikmaulana/Documents/kerja/prep/Bitwyre/test/node-express-rest-api-example/actions-runner/.credentials'
[2023-03-13 05:01:53Z INFO ConfigurationStore] CredFilePath: /home/taufikmaulana/Documents/kerja/prep/Bitwyre/test/node-express-rest-api-example/actions-runner/.credentials
[2023-03-13 05:01:53Z INFO HostContext] Well known directory 'Bin': '/home/taufikmaulana/Documents/kerja/prep/Bitwyre/test/node-express-rest-api-example/actions-runner/bin'
[2023-03-13 05:01:53Z INFO HostContext] Well known directory 'Root': '/home/taufikmaulana/Documents/kerja/prep/Bitwyre/test/node-express-rest-api-example/actions-runner'
[2023-03-13 05:01:53Z INFO HostContext] Well known config file 'MigratedCredentials': '/home/taufikmaulana/Documents/kerja/prep/Bitwyre/test/node-express-rest-api-example/actions-runner/.credentials_migrated'
[2023-03-13 05:01:53Z INFO ConfigurationStore] MigratedCredFilePath: /home/taufikmaulana/Documents/kerja/prep/Bitwyre/test/node-express-rest-api-example/actions-runner/.credentials_migrated
[2023-03-13 05:01:53Z INFO HostContext] Well known directory 'Bin': '/home/taufikmaulana/Documents/kerja/prep/Bitwyre/test/node-express-rest-api-example/actions-runner/bin'
[2023-03-13 05:01:53Z INFO HostContext] Well known directory 'Root': '/home/taufikmaulana/Documents/kerja/prep/Bitwyre/test/node-express-rest-api-example/actions-runner'
[2023-03-13 05:01:53Z INFO HostContext] Well known config file 'Service': '/home/taufikmaulana/Documents/kerja/prep/Bitwyre/test/node-express-rest-api-example/actions-runner/.service'
[2023-03-13 05:01:53Z INFO ConfigurationStore] ServiceConfigFilePath: /home/taufikmaulana/Documents/kerja/prep/Bitwyre/test/node-express-rest-api-example/actions-runner/.service
[2023-03-13 05:01:53Z INFO CommandSettings] Flag 'help': 'False'
[2023-03-13 05:01:53Z INFO CommandSettings] Flag 'version': 'False'
[2023-03-13 05:01:53Z INFO CommandSettings] Flag 'commit': 'False'
[2023-03-13 05:01:53Z INFO CommandSettings] Flag 'check': 'False'
[2023-03-13 05:01:53Z INFO CommandSettings] Command 'configure': 'False'
[2023-03-13 05:01:53Z INFO CommandSettings] Command 'remove': 'False'
[2023-03-13 05:01:53Z INFO CommandSettings] Command 'warmup': 'False'
[2023-03-13 05:01:53Z INFO ConfigurationManager] LoadSettings
[2023-03-13 05:01:53Z INFO ConfigurationStore] IsConfigured()
[2023-03-13 05:01:53Z INFO ConfigurationStore] IsConfigured: True
[2023-03-13 05:01:53Z INFO ConfigurationManager] Is configured: True
[2023-03-13 05:01:53Z INFO ConfigurationStore] Read setting file: 300 chars
[2023-03-13 05:01:53Z INFO ConfigurationManager] Settings Loaded
[2023-03-13 05:01:53Z INFO ConfigurationStore] IsServiceConfigured()
[2023-03-13 05:01:53Z INFO ConfigurationStore] IsServiceConfigured: False
[2023-03-13 05:01:53Z INFO CommandSettings] Command 'run': 'True'
[2023-03-13 05:01:53Z INFO ConfigurationStore] IsConfigured()
[2023-03-13 05:01:53Z INFO ConfigurationStore] IsConfigured: True
[2023-03-13 05:01:53Z INFO ConfigurationManager] Is configured: True
[2023-03-13 05:01:53Z INFO Runner] Could not parse the argument value '' for StartupType. Defaulting to Manual
[2023-03-13 05:01:53Z INFO Runner] Set runner startup type - Manual
[2023-03-13 05:01:53Z INFO CommandSettings] Flag 'once': 'False'
[2023-03-13 05:01:53Z INFO CommandSettings] Flag 'once': 'False'
[2023-03-13 05:01:53Z INFO Runner] RunAsync
[2023-03-13 05:01:53Z INFO ConfigurationManager] LoadSettings
[2023-03-13 05:01:53Z INFO ConfigurationStore] IsConfigured()
[2023-03-13 05:01:53Z INFO ConfigurationStore] IsConfigured: True
[2023-03-13 05:01:53Z INFO ConfigurationManager] Is configured: True
[2023-03-13 05:01:53Z INFO ConfigurationManager] Settings Loaded
[2023-03-13 05:01:53Z INFO MessageListener] {
  "AgentId": 24,
  "AgentName": "pop-os",
  "PoolId": 1,
  "PoolName": "Default",
  "ServerUrl": "https://pipelines.actions.githubusercontent.com/F0Ed34UtTOejw8hLJsFbGr3FqJKLBKGt5O6trR7VqAIwpnHm9l",
  "GitHubUrl": "https://github.com/tombo0/node-express-rest-api-example",
  "WorkFolder": "_work"
}
[2023-03-13 05:01:53Z INFO MessageListener] Loading Credentials
[2023-03-13 05:01:53Z INFO ConfigurationStore] HasCredentials()
[2023-03-13 05:01:53Z INFO ConfigurationStore] stored True
[2023-03-13 05:01:53Z INFO CredentialManager] GetCredentialProvider
[2023-03-13 05:01:53Z INFO CredentialManager] Creating type OAuth
[2023-03-13 05:01:53Z INFO CredentialManager] Creating credential type: OAuth
[2023-03-13 05:01:53Z INFO HostContext] Well known directory 'Bin': '/home/taufikmaulana/Documents/kerja/prep/Bitwyre/test/node-express-rest-api-example/actions-runner/bin'
[2023-03-13 05:01:53Z INFO HostContext] Well known directory 'Root': '/home/taufikmaulana/Documents/kerja/prep/Bitwyre/test/node-express-rest-api-example/actions-runner'
[2023-03-13 05:01:53Z INFO HostContext] Well known config file 'RSACredentials': '/home/taufikmaulana/Documents/kerja/prep/Bitwyre/test/node-express-rest-api-example/actions-runner/.credentials_rsaparams'
[2023-03-13 05:01:53Z INFO RSAFileKeyManager] Loading RSA key parameters from file /home/taufikmaulana/Documents/kerja/prep/Bitwyre/test/node-express-rest-api-example/actions-runner/.credentials_rsaparams
[2023-03-13 05:01:53Z INFO MessageListener] Attempt to create session.
[2023-03-13 05:01:53Z INFO MessageListener] Connecting to the Runner Server...
[2023-03-13 05:01:53Z INFO RunnerServer] EstablishVssConnection
[2023-03-13 05:01:53Z INFO RunnerServer] Establish connection with 100 seconds timeout.
[2023-03-13 05:01:53Z INFO GitHubActionsService] Starting operation Location.GetConnectionData
[2023-03-13 05:01:53Z INFO RunnerServer] EstablishVssConnection
[2023-03-13 05:01:53Z INFO RunnerServer] Establish connection with 60 seconds timeout.
[2023-03-13 05:01:53Z INFO GitHubActionsService] Starting operation Location.GetConnectionData
[2023-03-13 05:01:53Z INFO RunnerServer] EstablishVssConnection
[2023-03-13 05:01:53Z INFO RunnerServer] Establish connection with 60 seconds timeout.
[2023-03-13 05:01:53Z INFO GitHubActionsService] Starting operation Location.GetConnectionData
[2023-03-13 05:01:54Z INFO GitHubActionsService] Finished operation Location.GetConnectionData
[2023-03-13 05:01:54Z INFO GitHubActionsService] Finished operation Location.GetConnectionData
[2023-03-13 05:01:55Z INFO GitHubActionsService] Finished operation Location.GetConnectionData
[2023-03-13 05:01:55Z INFO MessageListener] VssConnection created
[2023-03-13 05:01:55Z INFO Terminal] WRITE LINE: 
[2023-03-13 05:01:55Z INFO Terminal] WRITE LINE: 
[2023-03-13 05:01:55Z INFO RSAFileKeyManager] Loading RSA key parameters from file /home/taufikmaulana/Documents/kerja/prep/Bitwyre/test/node-express-rest-api-example/actions-runner/.credentials_rsaparams
[2023-03-13 05:01:55Z INFO RSAFileKeyManager] Loading RSA key parameters from file /home/taufikmaulana/Documents/kerja/prep/Bitwyre/test/node-express-rest-api-example/actions-runner/.credentials_rsaparams
[2023-03-13 05:01:56Z INFO GitHubActionsService] AAD Correlation ID for this token request: Unknown
[2023-03-13 05:01:57Z INFO MessageListener] Session created.
[2023-03-13 05:01:57Z INFO Terminal] WRITE LINE: Current runner version: '2.302.1'
[2023-03-13 05:01:57Z INFO Terminal] WRITE LINE: 2023-03-13 05:01:57Z: Listening for Jobs
[2023-03-13 05:01:57Z INFO JobDispatcher] Set runner/worker IPC timeout to 30 seconds.
[2023-03-13 05:16:17Z INFO RSAFileKeyManager] Loading RSA key parameters from file /home/taufikmaulana/Documents/kerja/prep/Bitwyre/test/node-express-rest-api-example/actions-runner/.credentials_rsaparams
[2023-03-13 05:16:17Z INFO MessageListener] Message '3' received from session '9f277ff0-ffff-490d-8ab5-e38f693b0cb0'.
[2023-03-13 05:16:17Z INFO Runner] Received job message of length 23595 from service, with hash '2b66f65d8f9115f032a56df439d07969714da709055382b239be465a9679a18f'
[2023-03-13 05:16:17Z INFO JobDispatcher] Job request 10 for plan 2800cdbb-2eb2-4781-84bc-88e86bfa91b3 job 204d5d23-dbb7-50ec-f22f-54ad11c452c6 received.
[2023-03-13 05:16:17Z INFO JobDispatcher] Pull OrchestrationId 2800cdbb-2eb2-4781-84bc-88e86bfa91b3.deploy-github-runner.__default from JWT claims
[2023-03-13 05:16:17Z INFO Terminal] WRITE LINE: 2023-03-13 05:16:17Z: Running job: deploy-github-runner
[2023-03-13 05:16:17Z INFO JobDispatcher] Start renew job request 10 for job 204d5d23-dbb7-50ec-f22f-54ad11c452c6.
[2023-03-13 05:16:19Z INFO JobDispatcher] Successfully renew job request 10, job is valid till 3/13/2023 5:26:18 AM
[2023-03-13 05:16:19Z INFO HostContext] Well known directory 'Bin': '/home/taufikmaulana/Documents/kerja/prep/Bitwyre/test/node-express-rest-api-example/actions-runner/bin'
[2023-03-13 05:16:19Z INFO ProcessInvokerWrapper] Starting process:
[2023-03-13 05:16:19Z INFO ProcessInvokerWrapper]   File name: '/home/taufikmaulana/Documents/kerja/prep/Bitwyre/test/node-express-rest-api-example/actions-runner/bin/Runner.Worker'
[2023-03-13 05:16:19Z INFO ProcessInvokerWrapper]   Arguments: 'spawnclient 127 130'
[2023-03-13 05:16:19Z INFO ProcessInvokerWrapper]   Working directory: '/home/taufikmaulana/Documents/kerja/prep/Bitwyre/test/node-express-rest-api-example/actions-runner/bin'
[2023-03-13 05:16:19Z INFO ProcessInvokerWrapper]   Require exit code zero: 'False'
[2023-03-13 05:16:19Z INFO ProcessInvokerWrapper]   Encoding web name:  ; code page: ''
[2023-03-13 05:16:19Z INFO ProcessInvokerWrapper]   Force kill process on cancellation: 'True'
[2023-03-13 05:16:19Z INFO ProcessInvokerWrapper]   Redirected STDIN: 'False'
[2023-03-13 05:16:19Z INFO ProcessInvokerWrapper]   Persist current code page: 'False'
[2023-03-13 05:16:19Z INFO ProcessInvokerWrapper]   Keep redirected STDIN open: 'False'
[2023-03-13 05:16:19Z INFO ProcessInvokerWrapper]   High priority process: 'True'
[2023-03-13 05:16:19Z INFO ProcessInvokerWrapper] Process started with process id 52862, waiting for process exit.
[2023-03-13 05:16:19Z INFO JobDispatcher] Send job request message to worker for job 204d5d23-dbb7-50ec-f22f-54ad11c452c6.
[2023-03-13 05:16:19Z INFO ProcessChannel] Sending message of length 23595, with hash '2b66f65d8f9115f032a56df439d07969714da709055382b239be465a9679a18f'
[2023-03-13 05:16:19Z INFO JobNotification] Entering JobStarted Notification
[2023-03-13 05:16:19Z INFO JobNotification] Entering StartMonitor
[2023-03-13 05:17:19Z INFO JobDispatcher] Successfully renew job request 10, job is valid till 3/13/2023 5:27:19 AM
[2023-03-13 05:18:19Z INFO JobDispatcher] Successfully renew job request 10, job is valid till 3/13/2023 5:28:19 AM
[2023-03-13 05:18:40Z INFO ProcessInvokerWrapper] STDOUT/STDERR stream read finished.
[2023-03-13 05:18:40Z INFO ProcessInvokerWrapper] STDOUT/STDERR stream read finished.
[2023-03-13 05:18:40Z INFO ProcessInvokerWrapper] Finished process 52862 with exit code 102, and elapsed time 00:02:21.1006431.
[2023-03-13 05:18:40Z INFO JobDispatcher] Worker finished for job 204d5d23-dbb7-50ec-f22f-54ad11c452c6. Code: 102
[2023-03-13 05:18:40Z INFO JobDispatcher] finish job request for job 204d5d23-dbb7-50ec-f22f-54ad11c452c6 with result: Failed
[2023-03-13 05:18:40Z INFO Terminal] WRITE LINE: 2023-03-13 05:18:40Z: Job deploy-github-runner completed with result: Failed
[2023-03-13 05:18:40Z INFO JobDispatcher] Stop renew job request for job 204d5d23-dbb7-50ec-f22f-54ad11c452c6.
[2023-03-13 05:18:40Z INFO JobDispatcher] job renew has been cancelled, stop renew job request 10.
[2023-03-13 05:18:40Z INFO JobNotification] Entering JobCompleted Notification
[2023-03-13 05:18:40Z INFO JobNotification] Entering EndMonitor
[2023-03-13 05:23:48Z INFO RSAFileKeyManager] Loading RSA key parameters from file /home/taufikmaulana/Documents/kerja/prep/Bitwyre/test/node-express-rest-api-example/actions-runner/.credentials_rsaparams
[2023-03-13 05:23:48Z INFO MessageListener] Message '4' received from session '9f277ff0-ffff-490d-8ab5-e38f693b0cb0'.
[2023-03-13 05:23:48Z INFO Runner] Received job message of length 23225 from service, with hash '5f5fa967963b22970caad85715e2241096cc643d18de79d10d4dad872ee53f2b'
[2023-03-13 05:23:48Z INFO JobDispatcher] Job request 11 for plan d1b0ad20-9cd8-4188-ab50-592932f3cf67 job 204d5d23-dbb7-50ec-f22f-54ad11c452c6 received.
[2023-03-13 05:23:48Z INFO JobDispatcher] Pull OrchestrationId d1b0ad20-9cd8-4188-ab50-592932f3cf67.deploy-github-runner.__default from JWT claims
[2023-03-13 05:23:48Z INFO JobDispatcher] Job request 204d5d23-dbb7-50ec-f22f-54ad11c452c6 processed succeed.
[2023-03-13 05:23:48Z INFO Terminal] WRITE LINE: 2023-03-13 05:23:48Z: Running job: deploy-github-runner
[2023-03-13 05:23:48Z INFO JobDispatcher] Start renew job request 11 for job 204d5d23-dbb7-50ec-f22f-54ad11c452c6.
[2023-03-13 05:23:49Z INFO JobDispatcher] Successfully renew job request 11, job is valid till 3/13/2023 5:33:49 AM
[2023-03-13 05:23:49Z INFO HostContext] Well known directory 'Bin': '/home/taufikmaulana/Documents/kerja/prep/Bitwyre/test/node-express-rest-api-example/actions-runner/bin'
[2023-03-13 05:23:49Z INFO ProcessInvokerWrapper] Starting process:
[2023-03-13 05:23:49Z INFO ProcessInvokerWrapper]   File name: '/home/taufikmaulana/Documents/kerja/prep/Bitwyre/test/node-express-rest-api-example/actions-runner/bin/Runner.Worker'
[2023-03-13 05:23:49Z INFO ProcessInvokerWrapper]   Arguments: 'spawnclient 127 130'
[2023-03-13 05:23:49Z INFO ProcessInvokerWrapper]   Working directory: '/home/taufikmaulana/Documents/kerja/prep/Bitwyre/test/node-express-rest-api-example/actions-runner/bin'
[2023-03-13 05:23:49Z INFO ProcessInvokerWrapper]   Require exit code zero: 'False'
[2023-03-13 05:23:49Z INFO ProcessInvokerWrapper]   Encoding web name:  ; code page: ''
[2023-03-13 05:23:49Z INFO ProcessInvokerWrapper]   Force kill process on cancellation: 'True'
[2023-03-13 05:23:49Z INFO ProcessInvokerWrapper]   Redirected STDIN: 'False'
[2023-03-13 05:23:49Z INFO ProcessInvokerWrapper]   Persist current code page: 'False'
[2023-03-13 05:23:49Z INFO ProcessInvokerWrapper]   Keep redirected STDIN open: 'False'
[2023-03-13 05:23:49Z INFO ProcessInvokerWrapper]   High priority process: 'True'
[2023-03-13 05:23:49Z INFO ProcessInvokerWrapper] Process started with process id 63485, waiting for process exit.
[2023-03-13 05:23:49Z INFO JobDispatcher] Send job request message to worker for job 204d5d23-dbb7-50ec-f22f-54ad11c452c6.
[2023-03-13 05:23:49Z INFO ProcessChannel] Sending message of length 23225, with hash '5f5fa967963b22970caad85715e2241096cc643d18de79d10d4dad872ee53f2b'
[2023-03-13 05:23:49Z INFO JobNotification] Entering JobStarted Notification
[2023-03-13 05:23:49Z INFO JobNotification] Entering StartMonitor
[2023-03-13 05:24:01Z INFO ProcessInvokerWrapper] STDOUT/STDERR stream read finished.
[2023-03-13 05:24:01Z INFO ProcessInvokerWrapper] STDOUT/STDERR stream read finished.
[2023-03-13 05:24:01Z INFO ProcessInvokerWrapper] Finished process 63485 with exit code 102, and elapsed time 00:00:11.4680073.
[2023-03-13 05:24:01Z INFO JobDispatcher] Worker finished for job 204d5d23-dbb7-50ec-f22f-54ad11c452c6. Code: 102
[2023-03-13 05:24:01Z INFO JobDispatcher] finish job request for job 204d5d23-dbb7-50ec-f22f-54ad11c452c6 with result: Failed
[2023-03-13 05:24:01Z INFO Terminal] WRITE LINE: 2023-03-13 05:24:01Z: Job deploy-github-runner completed with result: Failed
[2023-03-13 05:24:01Z INFO JobDispatcher] Stop renew job request for job 204d5d23-dbb7-50ec-f22f-54ad11c452c6.
[2023-03-13 05:24:01Z INFO JobDispatcher] job renew has been cancelled, stop renew job request 11.
[2023-03-13 05:24:01Z INFO JobNotification] Entering JobCompleted Notification
[2023-03-13 05:24:01Z INFO JobNotification] Entering EndMonitor
