[2023-03-12 06:10:51Z INFO HostContext] No proxy settings were found based on environmental variables (http_proxy/https_proxy/HTTP_PROXY/HTTPS_PROXY)
[2023-03-12 06:10:51Z INFO HostContext] Well known directory 'Bin': '/home/taufikmaulana/Documents/kerja/prep/Bitwyre/test/node-express-rest-api-example/actions-runner/bin'
[2023-03-12 06:10:51Z INFO HostContext] Well known directory 'Root': '/home/taufikmaulana/Documents/kerja/prep/Bitwyre/test/node-express-rest-api-example/actions-runner'
[2023-03-12 06:10:51Z INFO HostContext] Well known config file 'Credentials': '/home/taufikmaulana/Documents/kerja/prep/Bitwyre/test/node-express-rest-api-example/actions-runner/.credentials'
[2023-03-12 06:10:51Z INFO HostContext] Well known directory 'Bin': '/home/taufikmaulana/Documents/kerja/prep/Bitwyre/test/node-express-rest-api-example/actions-runner/bin'
[2023-03-12 06:10:51Z INFO HostContext] Well known directory 'Root': '/home/taufikmaulana/Documents/kerja/prep/Bitwyre/test/node-express-rest-api-example/actions-runner'
[2023-03-12 06:10:51Z INFO HostContext] Well known config file 'Runner': '/home/taufikmaulana/Documents/kerja/prep/Bitwyre/test/node-express-rest-api-example/actions-runner/.runner'
[2023-03-12 06:10:51Z INFO Listener] Runner is built for Linux (X64) - linux-x64.
[2023-03-12 06:10:51Z INFO Listener] RuntimeInformation: Linux 6.1.11-76060111-generic #202302091138~1675975749~22.04~f771a7f SMP PREEMPT_DYNAMIC Thu F.
[2023-03-12 06:10:51Z INFO Listener] Version: 2.302.1
[2023-03-12 06:10:51Z INFO Listener] Commit: b3492cb90f7a757c5a39196f956340fbbbae14d1
[2023-03-12 06:10:51Z INFO Listener] Culture: en-US
[2023-03-12 06:10:51Z INFO Listener] UI Culture: en-US
[2023-03-12 06:10:51Z INFO HostContext] Well known directory 'Bin': '/home/taufikmaulana/Documents/kerja/prep/Bitwyre/test/node-express-rest-api-example/actions-runner/bin'
[2023-03-12 06:10:51Z INFO HostContext] Well known directory 'Root': '/home/taufikmaulana/Documents/kerja/prep/Bitwyre/test/node-express-rest-api-example/actions-runner'
[2023-03-12 06:10:51Z INFO Listener] Validating directory permissions for: '/home/taufikmaulana/Documents/kerja/prep/Bitwyre/test/node-express-rest-api-example/actions-runner'
[2023-03-12 06:10:51Z INFO CommandLineParser] Parse
[2023-03-12 06:10:51Z INFO CommandLineParser] Parsing 1 args
[2023-03-12 06:10:51Z INFO CommandLineParser] parsing argument
[2023-03-12 06:10:51Z INFO CommandLineParser] HasArgs: False
[2023-03-12 06:10:51Z INFO CommandLineParser] Adding Command: run
[2023-03-12 06:10:51Z INFO Listener] Arguments parsed
[2023-03-12 06:10:51Z INFO Runner] ExecuteCommand
[2023-03-12 06:10:51Z INFO ConfigurationStore] currentAssemblyLocation: /home/taufikmaulana/Documents/kerja/prep/Bitwyre/test/node-express-rest-api-example/actions-runner/bin/Runner.Listener.dll
[2023-03-12 06:10:51Z INFO HostContext] Well known directory 'Bin': '/home/taufikmaulana/Documents/kerja/prep/Bitwyre/test/node-express-rest-api-example/actions-runner/bin'
[2023-03-12 06:10:51Z INFO ConfigurationStore] binPath: /home/taufikmaulana/Documents/kerja/prep/Bitwyre/test/node-express-rest-api-example/actions-runner/bin
[2023-03-12 06:10:51Z INFO HostContext] Well known directory 'Bin': '/home/taufikmaulana/Documents/kerja/prep/Bitwyre/test/node-express-rest-api-example/actions-runner/bin'
[2023-03-12 06:10:51Z INFO HostContext] Well known directory 'Root': '/home/taufikmaulana/Documents/kerja/prep/Bitwyre/test/node-express-rest-api-example/actions-runner'
[2023-03-12 06:10:51Z INFO ConfigurationStore] RootFolder: /home/taufikmaulana/Documents/kerja/prep/Bitwyre/test/node-express-rest-api-example/actions-runner
[2023-03-12 06:10:51Z INFO HostContext] Well known directory 'Bin': '/home/taufikmaulana/Documents/kerja/prep/Bitwyre/test/node-express-rest-api-example/actions-runner/bin'
[2023-03-12 06:10:51Z INFO HostContext] Well known directory 'Root': '/home/taufikmaulana/Documents/kerja/prep/Bitwyre/test/node-express-rest-api-example/actions-runner'
[2023-03-12 06:10:51Z INFO HostContext] Well known config file 'Runner': '/home/taufikmaulana/Documents/kerja/prep/Bitwyre/test/node-express-rest-api-example/actions-runner/.runner'
[2023-03-12 06:10:51Z INFO ConfigurationStore] ConfigFilePath: /home/taufikmaulana/Documents/kerja/prep/Bitwyre/test/node-express-rest-api-example/actions-runner/.runner
[2023-03-12 06:10:51Z INFO HostContext] Well known directory 'Bin': '/home/taufikmaulana/Documents/kerja/prep/Bitwyre/test/node-express-rest-api-example/actions-runner/bin'
[2023-03-12 06:10:51Z INFO HostContext] Well known directory 'Root': '/home/taufikmaulana/Documents/kerja/prep/Bitwyre/test/node-express-rest-api-example/actions-runner'
[2023-03-12 06:10:51Z INFO HostContext] Well known config file 'Credentials': '/home/taufikmaulana/Documents/kerja/prep/Bitwyre/test/node-express-rest-api-example/actions-runner/.credentials'
[2023-03-12 06:10:51Z INFO ConfigurationStore] CredFilePath: /home/taufikmaulana/Documents/kerja/prep/Bitwyre/test/node-express-rest-api-example/actions-runner/.credentials
[2023-03-12 06:10:51Z INFO HostContext] Well known directory 'Bin': '/home/taufikmaulana/Documents/kerja/prep/Bitwyre/test/node-express-rest-api-example/actions-runner/bin'
[2023-03-12 06:10:51Z INFO HostContext] Well known directory 'Root': '/home/taufikmaulana/Documents/kerja/prep/Bitwyre/test/node-express-rest-api-example/actions-runner'
[2023-03-12 06:10:51Z INFO HostContext] Well known config file 'MigratedCredentials': '/home/taufikmaulana/Documents/kerja/prep/Bitwyre/test/node-express-rest-api-example/actions-runner/.credentials_migrated'
[2023-03-12 06:10:51Z INFO ConfigurationStore] MigratedCredFilePath: /home/taufikmaulana/Documents/kerja/prep/Bitwyre/test/node-express-rest-api-example/actions-runner/.credentials_migrated
[2023-03-12 06:10:51Z INFO HostContext] Well known directory 'Bin': '/home/taufikmaulana/Documents/kerja/prep/Bitwyre/test/node-express-rest-api-example/actions-runner/bin'
[2023-03-12 06:10:51Z INFO HostContext] Well known directory 'Root': '/home/taufikmaulana/Documents/kerja/prep/Bitwyre/test/node-express-rest-api-example/actions-runner'
[2023-03-12 06:10:51Z INFO HostContext] Well known config file 'Service': '/home/taufikmaulana/Documents/kerja/prep/Bitwyre/test/node-express-rest-api-example/actions-runner/.service'
[2023-03-12 06:10:51Z INFO ConfigurationStore] ServiceConfigFilePath: /home/taufikmaulana/Documents/kerja/prep/Bitwyre/test/node-express-rest-api-example/actions-runner/.service
[2023-03-12 06:10:51Z INFO CommandSettings] Flag 'help': 'False'
[2023-03-12 06:10:51Z INFO CommandSettings] Flag 'version': 'False'
[2023-03-12 06:10:51Z INFO CommandSettings] Flag 'commit': 'False'
[2023-03-12 06:10:51Z INFO CommandSettings] Flag 'check': 'False'
[2023-03-12 06:10:51Z INFO CommandSettings] Command 'configure': 'False'
[2023-03-12 06:10:51Z INFO CommandSettings] Command 'remove': 'False'
[2023-03-12 06:10:51Z INFO CommandSettings] Command 'warmup': 'False'
[2023-03-12 06:10:51Z INFO ConfigurationManager] LoadSettings
[2023-03-12 06:10:51Z INFO ConfigurationStore] IsConfigured()
[2023-03-12 06:10:51Z INFO ConfigurationStore] IsConfigured: True
[2023-03-12 06:10:51Z INFO ConfigurationManager] Is configured: True
[2023-03-12 06:10:51Z INFO ConfigurationStore] Read setting file: 300 chars
[2023-03-12 06:10:51Z INFO ConfigurationManager] Settings Loaded
[2023-03-12 06:10:51Z INFO ConfigurationStore] IsServiceConfigured()
[2023-03-12 06:10:51Z INFO ConfigurationStore] IsServiceConfigured: False
[2023-03-12 06:10:51Z INFO CommandSettings] Command 'run': 'True'
[2023-03-12 06:10:51Z INFO ConfigurationStore] IsConfigured()
[2023-03-12 06:10:51Z INFO ConfigurationStore] IsConfigured: True
[2023-03-12 06:10:51Z INFO ConfigurationManager] Is configured: True
[2023-03-12 06:10:51Z INFO Runner] Could not parse the argument value '' for StartupType. Defaulting to Manual
[2023-03-12 06:10:51Z INFO Runner] Set runner startup type - Manual
[2023-03-12 06:10:51Z INFO CommandSettings] Flag 'once': 'False'
[2023-03-12 06:10:51Z INFO CommandSettings] Flag 'once': 'False'
[2023-03-12 06:10:51Z INFO Runner] RunAsync
[2023-03-12 06:10:51Z INFO ConfigurationManager] LoadSettings
[2023-03-12 06:10:51Z INFO ConfigurationStore] IsConfigured()
[2023-03-12 06:10:51Z INFO ConfigurationStore] IsConfigured: True
[2023-03-12 06:10:51Z INFO ConfigurationManager] Is configured: True
[2023-03-12 06:10:51Z INFO ConfigurationManager] Settings Loaded
[2023-03-12 06:10:51Z INFO MessageListener] {
  "AgentId": 23,
  "AgentName": "pop-os",
  "PoolId": 1,
  "PoolName": "Default",
  "ServerUrl": "https://pipelines.actions.githubusercontent.com/F0Ed34UtTOejw8hLJsFbGr3FqJKLBKGt5O6trR7VqAIwpnHm9l",
  "GitHubUrl": "https://github.com/tombo0/node-express-rest-api-example",
  "WorkFolder": "_work"
}
[2023-03-12 06:10:51Z INFO MessageListener] Loading Credentials
[2023-03-12 06:10:51Z INFO ConfigurationStore] HasCredentials()
[2023-03-12 06:10:51Z INFO ConfigurationStore] stored True
[2023-03-12 06:10:51Z INFO CredentialManager] GetCredentialProvider
[2023-03-12 06:10:51Z INFO CredentialManager] Creating type OAuth
[2023-03-12 06:10:51Z INFO CredentialManager] Creating credential type: OAuth
[2023-03-12 06:10:51Z INFO HostContext] Well known directory 'Bin': '/home/taufikmaulana/Documents/kerja/prep/Bitwyre/test/node-express-rest-api-example/actions-runner/bin'
[2023-03-12 06:10:51Z INFO HostContext] Well known directory 'Root': '/home/taufikmaulana/Documents/kerja/prep/Bitwyre/test/node-express-rest-api-example/actions-runner'
[2023-03-12 06:10:51Z INFO HostContext] Well known config file 'RSACredentials': '/home/taufikmaulana/Documents/kerja/prep/Bitwyre/test/node-express-rest-api-example/actions-runner/.credentials_rsaparams'
[2023-03-12 06:10:51Z INFO RSAFileKeyManager] Loading RSA key parameters from file /home/taufikmaulana/Documents/kerja/prep/Bitwyre/test/node-express-rest-api-example/actions-runner/.credentials_rsaparams
[2023-03-12 06:10:51Z INFO MessageListener] Attempt to create session.
[2023-03-12 06:10:51Z INFO MessageListener] Connecting to the Runner Server...
[2023-03-12 06:10:51Z INFO RunnerServer] EstablishVssConnection
[2023-03-12 06:10:51Z INFO RunnerServer] Establish connection with 100 seconds timeout.
[2023-03-12 06:10:51Z INFO GitHubActionsService] Starting operation Location.GetConnectionData
[2023-03-12 06:10:51Z INFO RunnerServer] EstablishVssConnection
[2023-03-12 06:10:51Z INFO RunnerServer] Establish connection with 60 seconds timeout.
[2023-03-12 06:10:51Z INFO GitHubActionsService] Starting operation Location.GetConnectionData
[2023-03-12 06:10:51Z INFO RunnerServer] EstablishVssConnection
[2023-03-12 06:10:51Z INFO RunnerServer] Establish connection with 60 seconds timeout.
[2023-03-12 06:10:51Z INFO GitHubActionsService] Starting operation Location.GetConnectionData
[2023-03-12 06:10:52Z INFO GitHubActionsService] Finished operation Location.GetConnectionData
[2023-03-12 06:10:52Z INFO GitHubActionsService] Finished operation Location.GetConnectionData
[2023-03-12 06:10:53Z INFO GitHubActionsService] Finished operation Location.GetConnectionData
[2023-03-12 06:10:53Z INFO MessageListener] VssConnection created
[2023-03-12 06:10:53Z INFO Terminal] WRITE LINE: 
[2023-03-12 06:10:53Z INFO Terminal] WRITE LINE: 
[2023-03-12 06:10:54Z INFO RSAFileKeyManager] Loading RSA key parameters from file /home/taufikmaulana/Documents/kerja/prep/Bitwyre/test/node-express-rest-api-example/actions-runner/.credentials_rsaparams
[2023-03-12 06:10:54Z INFO RSAFileKeyManager] Loading RSA key parameters from file /home/taufikmaulana/Documents/kerja/prep/Bitwyre/test/node-express-rest-api-example/actions-runner/.credentials_rsaparams
[2023-03-12 06:10:55Z INFO GitHubActionsService] AAD Correlation ID for this token request: Unknown
[2023-03-12 06:10:55Z INFO MessageListener] Session created.
[2023-03-12 06:10:55Z INFO Terminal] WRITE LINE: Current runner version: '2.302.1'
[2023-03-12 06:10:55Z INFO Terminal] WRITE LINE: 2023-03-12 06:10:55Z: Listening for Jobs
[2023-03-12 06:10:55Z INFO JobDispatcher] Set runner/worker IPC timeout to 30 seconds.
[2023-03-12 06:10:57Z INFO RSAFileKeyManager] Loading RSA key parameters from file /home/taufikmaulana/Documents/kerja/prep/Bitwyre/test/node-express-rest-api-example/actions-runner/.credentials_rsaparams
[2023-03-12 06:10:57Z INFO MessageListener] Message '2' received from session '472978d1-c1d5-416a-ad81-c3b1b11dba00'.
[2023-03-12 06:10:57Z INFO Runner] Received job message of length 23212 from service, with hash 'fc59375c8c18ca3fe673e58f1d6f8ae32ade9054573caf4700b9f58348f4cb50'
[2023-03-12 06:10:57Z INFO JobDispatcher] Job request 7 for plan 7e27b2e3-fc64-46a6-9956-752d2e0306a7 job 204d5d23-dbb7-50ec-f22f-54ad11c452c6 received.
[2023-03-12 06:10:57Z INFO JobDispatcher] Pull OrchestrationId 7e27b2e3-fc64-46a6-9956-752d2e0306a7.deploy-github-runner.__default from JWT claims
[2023-03-12 06:10:57Z INFO Terminal] WRITE LINE: 2023-03-12 06:10:57Z: Running job: deploy-github-runner
[2023-03-12 06:10:57Z INFO JobDispatcher] Start renew job request 7 for job 204d5d23-dbb7-50ec-f22f-54ad11c452c6.
[2023-03-12 06:10:58Z INFO JobDispatcher] Successfully renew job request 7, job is valid till 3/12/2023 6:20:57 AM
[2023-03-12 06:10:58Z INFO HostContext] Well known directory 'Bin': '/home/taufikmaulana/Documents/kerja/prep/Bitwyre/test/node-express-rest-api-example/actions-runner/bin'
[2023-03-12 06:10:58Z INFO ProcessInvokerWrapper] Starting process:
[2023-03-12 06:10:58Z INFO ProcessInvokerWrapper]   File name: '/home/taufikmaulana/Documents/kerja/prep/Bitwyre/test/node-express-rest-api-example/actions-runner/bin/Runner.Worker'
[2023-03-12 06:10:58Z INFO ProcessInvokerWrapper]   Arguments: 'spawnclient 130 133'
[2023-03-12 06:10:58Z INFO ProcessInvokerWrapper]   Working directory: '/home/taufikmaulana/Documents/kerja/prep/Bitwyre/test/node-express-rest-api-example/actions-runner/bin'
[2023-03-12 06:10:58Z INFO ProcessInvokerWrapper]   Require exit code zero: 'False'
[2023-03-12 06:10:58Z INFO ProcessInvokerWrapper]   Encoding web name:  ; code page: ''
[2023-03-12 06:10:58Z INFO ProcessInvokerWrapper]   Force kill process on cancellation: 'True'
[2023-03-12 06:10:58Z INFO ProcessInvokerWrapper]   Redirected STDIN: 'False'
[2023-03-12 06:10:58Z INFO ProcessInvokerWrapper]   Persist current code page: 'False'
[2023-03-12 06:10:58Z INFO ProcessInvokerWrapper]   Keep redirected STDIN open: 'False'
[2023-03-12 06:10:58Z INFO ProcessInvokerWrapper]   High priority process: 'True'
[2023-03-12 06:10:58Z INFO ProcessInvokerWrapper] Process started with process id 20341, waiting for process exit.
[2023-03-12 06:10:58Z INFO JobDispatcher] Send job request message to worker for job 204d5d23-dbb7-50ec-f22f-54ad11c452c6.
[2023-03-12 06:10:58Z INFO ProcessChannel] Sending message of length 23212, with hash 'fc59375c8c18ca3fe673e58f1d6f8ae32ade9054573caf4700b9f58348f4cb50'
[2023-03-12 06:10:58Z INFO JobNotification] Entering JobStarted Notification
[2023-03-12 06:10:58Z INFO JobNotification] Entering StartMonitor
[2023-03-12 06:11:58Z INFO JobDispatcher] Successfully renew job request 7, job is valid till 3/12/2023 6:21:58 AM
[2023-03-12 06:12:20Z INFO ProcessInvokerWrapper] STDOUT/STDERR stream read finished.
[2023-03-12 06:12:20Z INFO ProcessInvokerWrapper] STDOUT/STDERR stream read finished.
[2023-03-12 06:12:20Z INFO ProcessInvokerWrapper] Finished process 20341 with exit code 100, and elapsed time 00:01:22.3519146.
[2023-03-12 06:12:20Z INFO JobDispatcher] Worker finished for job 204d5d23-dbb7-50ec-f22f-54ad11c452c6. Code: 100
[2023-03-12 06:12:20Z INFO JobDispatcher] finish job request for job 204d5d23-dbb7-50ec-f22f-54ad11c452c6 with result: Succeeded
[2023-03-12 06:12:20Z INFO Terminal] WRITE LINE: 2023-03-12 06:12:20Z: Job deploy-github-runner completed with result: Succeeded
[2023-03-12 06:12:20Z INFO JobDispatcher] Stop renew job request for job 204d5d23-dbb7-50ec-f22f-54ad11c452c6.
[2023-03-12 06:12:20Z INFO JobDispatcher] job renew has been cancelled, stop renew job request 7.
[2023-03-12 06:12:20Z INFO JobNotification] Entering JobCompleted Notification
[2023-03-12 06:12:20Z INFO JobNotification] Entering EndMonitor
