[2023-03-12 06:40:30Z INFO HostContext] No proxy settings were found based on environmental variables (http_proxy/https_proxy/HTTP_PROXY/HTTPS_PROXY)
[2023-03-12 06:40:30Z INFO HostContext] Well known directory 'Bin': '/home/taufikmaulana/Documents/kerja/prep/Bitwyre/test/node-express-rest-api-example/actions-runner/bin'
[2023-03-12 06:40:30Z INFO HostContext] Well known directory 'Root': '/home/taufikmaulana/Documents/kerja/prep/Bitwyre/test/node-express-rest-api-example/actions-runner'
[2023-03-12 06:40:30Z INFO HostContext] Well known config file 'Credentials': '/home/taufikmaulana/Documents/kerja/prep/Bitwyre/test/node-express-rest-api-example/actions-runner/.credentials'
[2023-03-12 06:40:30Z INFO HostContext] Well known directory 'Bin': '/home/taufikmaulana/Documents/kerja/prep/Bitwyre/test/node-express-rest-api-example/actions-runner/bin'
[2023-03-12 06:40:30Z INFO HostContext] Well known directory 'Root': '/home/taufikmaulana/Documents/kerja/prep/Bitwyre/test/node-express-rest-api-example/actions-runner'
[2023-03-12 06:40:30Z INFO HostContext] Well known config file 'Runner': '/home/taufikmaulana/Documents/kerja/prep/Bitwyre/test/node-express-rest-api-example/actions-runner/.runner'
[2023-03-12 06:40:30Z INFO Listener] Runner is built for Linux (X64) - linux-x64.
[2023-03-12 06:40:30Z INFO Listener] RuntimeInformation: Linux 6.1.11-76060111-generic #202302091138~1675975749~22.04~f771a7f SMP PREEMPT_DYNAMIC Thu F.
[2023-03-12 06:40:30Z INFO Listener] Version: 2.302.1
[2023-03-12 06:40:30Z INFO Listener] Commit: b3492cb90f7a757c5a39196f956340fbbbae14d1
[2023-03-12 06:40:30Z INFO Listener] Culture: en-US
[2023-03-12 06:40:30Z INFO Listener] UI Culture: en-US
[2023-03-12 06:40:30Z INFO HostContext] Well known directory 'Bin': '/home/taufikmaulana/Documents/kerja/prep/Bitwyre/test/node-express-rest-api-example/actions-runner/bin'
[2023-03-12 06:40:30Z INFO HostContext] Well known directory 'Root': '/home/taufikmaulana/Documents/kerja/prep/Bitwyre/test/node-express-rest-api-example/actions-runner'
[2023-03-12 06:40:30Z INFO Listener] Validating directory permissions for: '/home/taufikmaulana/Documents/kerja/prep/Bitwyre/test/node-express-rest-api-example/actions-runner'
[2023-03-12 06:40:30Z INFO CommandLineParser] Parse
[2023-03-12 06:40:30Z INFO CommandLineParser] Parsing 5 args
[2023-03-12 06:40:30Z INFO CommandLineParser] parsing argument
[2023-03-12 06:40:30Z INFO CommandLineParser] HasArgs: False
[2023-03-12 06:40:30Z INFO CommandLineParser] Adding Command: configure
[2023-03-12 06:40:30Z INFO CommandLineParser] parsing argument
[2023-03-12 06:40:30Z INFO CommandLineParser] HasArgs: True
[2023-03-12 06:40:30Z INFO CommandLineParser] arg: url
[2023-03-12 06:40:30Z INFO CommandLineParser] parsing argument
[2023-03-12 06:40:30Z INFO CommandLineParser] HasArgs: True
[2023-03-12 06:40:30Z INFO CommandLineParser] Adding option 'url': 'https://github.com/tombo0/node-express-rest-api-example'
[2023-03-12 06:40:30Z INFO CommandLineParser] parsing argument
[2023-03-12 06:40:30Z INFO CommandLineParser] HasArgs: True
[2023-03-12 06:40:30Z INFO CommandLineParser] arg: token
[2023-03-12 06:40:30Z INFO CommandLineParser] parsing argument
[2023-03-12 06:40:30Z INFO CommandLineParser] HasArgs: True
[2023-03-12 06:40:30Z INFO CommandLineParser] Adding option 'token': '***'
[2023-03-12 06:40:30Z INFO Listener] Arguments parsed
[2023-03-12 06:40:30Z INFO Runner] ExecuteCommand
[2023-03-12 06:40:30Z INFO ConfigurationStore] currentAssemblyLocation: /home/taufikmaulana/Documents/kerja/prep/Bitwyre/test/node-express-rest-api-example/actions-runner/bin/Runner.Listener.dll
[2023-03-12 06:40:30Z INFO HostContext] Well known directory 'Bin': '/home/taufikmaulana/Documents/kerja/prep/Bitwyre/test/node-express-rest-api-example/actions-runner/bin'
[2023-03-12 06:40:30Z INFO ConfigurationStore] binPath: /home/taufikmaulana/Documents/kerja/prep/Bitwyre/test/node-express-rest-api-example/actions-runner/bin
[2023-03-12 06:40:30Z INFO HostContext] Well known directory 'Bin': '/home/taufikmaulana/Documents/kerja/prep/Bitwyre/test/node-express-rest-api-example/actions-runner/bin'
[2023-03-12 06:40:30Z INFO HostContext] Well known directory 'Root': '/home/taufikmaulana/Documents/kerja/prep/Bitwyre/test/node-express-rest-api-example/actions-runner'
[2023-03-12 06:40:30Z INFO ConfigurationStore] RootFolder: /home/taufikmaulana/Documents/kerja/prep/Bitwyre/test/node-express-rest-api-example/actions-runner
[2023-03-12 06:40:30Z INFO HostContext] Well known directory 'Bin': '/home/taufikmaulana/Documents/kerja/prep/Bitwyre/test/node-express-rest-api-example/actions-runner/bin'
[2023-03-12 06:40:30Z INFO HostContext] Well known directory 'Root': '/home/taufikmaulana/Documents/kerja/prep/Bitwyre/test/node-express-rest-api-example/actions-runner'
[2023-03-12 06:40:30Z INFO HostContext] Well known config file 'Runner': '/home/taufikmaulana/Documents/kerja/prep/Bitwyre/test/node-express-rest-api-example/actions-runner/.runner'
[2023-03-12 06:40:30Z INFO ConfigurationStore] ConfigFilePath: /home/taufikmaulana/Documents/kerja/prep/Bitwyre/test/node-express-rest-api-example/actions-runner/.runner
[2023-03-12 06:40:30Z INFO HostContext] Well known directory 'Bin': '/home/taufikmaulana/Documents/kerja/prep/Bitwyre/test/node-express-rest-api-example/actions-runner/bin'
[2023-03-12 06:40:30Z INFO HostContext] Well known directory 'Root': '/home/taufikmaulana/Documents/kerja/prep/Bitwyre/test/node-express-rest-api-example/actions-runner'
[2023-03-12 06:40:30Z INFO HostContext] Well known config file 'Credentials': '/home/taufikmaulana/Documents/kerja/prep/Bitwyre/test/node-express-rest-api-example/actions-runner/.credentials'
[2023-03-12 06:40:30Z INFO ConfigurationStore] CredFilePath: /home/taufikmaulana/Documents/kerja/prep/Bitwyre/test/node-express-rest-api-example/actions-runner/.credentials
[2023-03-12 06:40:30Z INFO HostContext] Well known directory 'Bin': '/home/taufikmaulana/Documents/kerja/prep/Bitwyre/test/node-express-rest-api-example/actions-runner/bin'
[2023-03-12 06:40:30Z INFO HostContext] Well known directory 'Root': '/home/taufikmaulana/Documents/kerja/prep/Bitwyre/test/node-express-rest-api-example/actions-runner'
[2023-03-12 06:40:30Z INFO HostContext] Well known config file 'MigratedCredentials': '/home/taufikmaulana/Documents/kerja/prep/Bitwyre/test/node-express-rest-api-example/actions-runner/.credentials_migrated'
[2023-03-12 06:40:30Z INFO ConfigurationStore] MigratedCredFilePath: /home/taufikmaulana/Documents/kerja/prep/Bitwyre/test/node-express-rest-api-example/actions-runner/.credentials_migrated
[2023-03-12 06:40:30Z INFO HostContext] Well known directory 'Bin': '/home/taufikmaulana/Documents/kerja/prep/Bitwyre/test/node-express-rest-api-example/actions-runner/bin'
[2023-03-12 06:40:30Z INFO HostContext] Well known directory 'Root': '/home/taufikmaulana/Documents/kerja/prep/Bitwyre/test/node-express-rest-api-example/actions-runner'
[2023-03-12 06:40:30Z INFO HostContext] Well known config file 'Service': '/home/taufikmaulana/Documents/kerja/prep/Bitwyre/test/node-express-rest-api-example/actions-runner/.service'
[2023-03-12 06:40:30Z INFO ConfigurationStore] ServiceConfigFilePath: /home/taufikmaulana/Documents/kerja/prep/Bitwyre/test/node-express-rest-api-example/actions-runner/.service
[2023-03-12 06:40:30Z INFO CommandSettings] Flag 'help': 'False'
[2023-03-12 06:40:30Z INFO CommandSettings] Flag 'version': 'False'
[2023-03-12 06:40:30Z INFO CommandSettings] Flag 'commit': 'False'
[2023-03-12 06:40:30Z INFO CommandSettings] Flag 'check': 'False'
[2023-03-12 06:40:30Z INFO CommandSettings] Command 'configure': 'True'
[2023-03-12 06:40:30Z INFO Terminal] WRITE LINE: 
[2023-03-12 06:40:30Z INFO Terminal] WRITE LINE: --------------------------------------------------------------------------------
[2023-03-12 06:40:30Z INFO Terminal] WRITE LINE: |        ____ _ _   _   _       _          _        _   _                      |
[2023-03-12 06:40:30Z INFO Terminal] WRITE LINE: |       / ___(_) |_| | | |_   _| |__      / \   ___| |_(_) ___  _ __  ___      |
[2023-03-12 06:40:30Z INFO Terminal] WRITE LINE: |      | |  _| | __| |_| | | | | '_ \    / _ \ / __| __| |/ _ \| '_ \/ __|     |
[2023-03-12 06:40:30Z INFO Terminal] WRITE LINE: |      | |_| | | |_|  _  | |_| | |_) |  / ___ \ (__| |_| | (_) | | | \__ \     |
[2023-03-12 06:40:30Z INFO Terminal] WRITE LINE: |       \____|_|\__|_| |_|\__,_|_.__/  /_/   \_\___|\__|_|\___/|_| |_|___/     |
[2023-03-12 06:40:30Z INFO Terminal] WRITE LINE: |                                                                              |
[2023-03-12 06:40:30Z INFO Terminal] WRITE: |                       
[2023-03-12 06:40:30Z INFO Terminal] WRITE: Self-hosted runner registration
[2023-03-12 06:40:30Z INFO Terminal] WRITE LINE:                         |
[2023-03-12 06:40:30Z INFO Terminal] WRITE LINE: |                                                                              |
[2023-03-12 06:40:30Z INFO Terminal] WRITE LINE: --------------------------------------------------------------------------------
[2023-03-12 06:40:30Z INFO ConfigurationManager] ConfigureAsync
[2023-03-12 06:40:30Z INFO CommandSettings] Flag 'generateServiceConfig': 'False'
[2023-03-12 06:40:30Z INFO ConfigurationStore] IsConfigured()
[2023-03-12 06:40:30Z INFO ConfigurationStore] IsConfigured: False
[2023-03-12 06:40:30Z INFO ConfigurationManager] Is configured: False
[2023-03-12 06:40:30Z INFO CommandSettings] Arg 'url': 'https://github.com/tombo0/node-express-rest-api-example'
[2023-03-12 06:40:30Z INFO CommandSettings] Remove url from Arg dictionary.
[2023-03-12 06:40:30Z INFO CommandSettings] Arg 'token': '***'
[2023-03-12 06:40:30Z INFO CommandSettings] Remove token from Arg dictionary.
[2023-03-12 06:40:30Z ERR  Terminal] WRITE ERROR: Http response code: NotFound from 'POST https://api.github.com/actions/runner-registration' (Request Id: 20D3:1012:1E8EA5C:1FB557D:640D73DE)
[2023-03-12 06:40:30Z ERR  Terminal] WRITE ERROR: {"message":"Not Found","documentation_url":"https://docs.github.com/rest"}
[2023-03-12 06:40:30Z ERR  Runner] System.Net.Http.HttpRequestException: Response status code does not indicate success: 404 (Not Found).
   at System.Net.Http.HttpResponseMessage.EnsureSuccessStatusCode()
   at GitHub.Runner.Listener.Configuration.ConfigurationManager.GetTenantCredential(String githubUrl, String githubToken, String runnerEvent)
   at GitHub.Runner.Listener.Configuration.ConfigurationManager.ConfigureAsync(CommandSettings command)
   at GitHub.Runner.Listener.Runner.ExecuteCommand(CommandSettings command)
[2023-03-12 06:40:30Z ERR  Terminal] WRITE ERROR: Response status code does not indicate success: 404 (Not Found).
[2023-03-12 06:40:30Z INFO Listener] Runner execution has finished with return code 1
