[2023-03-12 06:48:10Z INFO HostContext] No proxy settings were found based on environmental variables (http_proxy/https_proxy/HTTP_PROXY/HTTPS_PROXY)
[2023-03-12 06:48:10Z INFO HostContext] Well known directory 'Bin': '/home/taufikmaulana/Documents/kerja/prep/Bitwyre/test/node-express-rest-api-example/actions-runner/bin'
[2023-03-12 06:48:10Z INFO HostContext] Well known directory 'Root': '/home/taufikmaulana/Documents/kerja/prep/Bitwyre/test/node-express-rest-api-example/actions-runner'
[2023-03-12 06:48:10Z INFO HostContext] Well known config file 'Credentials': '/home/taufikmaulana/Documents/kerja/prep/Bitwyre/test/node-express-rest-api-example/actions-runner/.credentials'
[2023-03-12 06:48:10Z INFO HostContext] Well known directory 'Bin': '/home/taufikmaulana/Documents/kerja/prep/Bitwyre/test/node-express-rest-api-example/actions-runner/bin'
[2023-03-12 06:48:10Z INFO HostContext] Well known directory 'Root': '/home/taufikmaulana/Documents/kerja/prep/Bitwyre/test/node-express-rest-api-example/actions-runner'
[2023-03-12 06:48:10Z INFO HostContext] Well known config file 'Runner': '/home/taufikmaulana/Documents/kerja/prep/Bitwyre/test/node-express-rest-api-example/actions-runner/.runner'
[2023-03-12 06:48:10Z INFO Listener] Runner is built for Linux (X64) - linux-x64.
[2023-03-12 06:48:10Z INFO Listener] RuntimeInformation: Linux 6.1.11-76060111-generic #202302091138~1675975749~22.04~f771a7f SMP PREEMPT_DYNAMIC Thu F.
[2023-03-12 06:48:10Z INFO Listener] Version: 2.302.1
[2023-03-12 06:48:10Z INFO Listener] Commit: b3492cb90f7a757c5a39196f956340fbbbae14d1
[2023-03-12 06:48:10Z INFO Listener] Culture: en-US
[2023-03-12 06:48:10Z INFO Listener] UI Culture: en-US
[2023-03-12 06:48:10Z INFO HostContext] Well known directory 'Bin': '/home/taufikmaulana/Documents/kerja/prep/Bitwyre/test/node-express-rest-api-example/actions-runner/bin'
[2023-03-12 06:48:10Z INFO HostContext] Well known directory 'Root': '/home/taufikmaulana/Documents/kerja/prep/Bitwyre/test/node-express-rest-api-example/actions-runner'
[2023-03-12 06:48:10Z INFO Listener] Validating directory permissions for: '/home/taufikmaulana/Documents/kerja/prep/Bitwyre/test/node-express-rest-api-example/actions-runner'
[2023-03-12 06:48:10Z INFO CommandLineParser] Parse
[2023-03-12 06:48:10Z INFO CommandLineParser] Parsing 2 args
[2023-03-12 06:48:10Z INFO CommandLineParser] parsing argument
[2023-03-12 06:48:10Z INFO CommandLineParser] HasArgs: False
[2023-03-12 06:48:10Z INFO CommandLineParser] Adding Command: run
[2023-03-12 06:48:10Z INFO CommandLineParser] parsing argument
[2023-03-12 06:48:10Z INFO CommandLineParser] HasArgs: False
[2023-03-12 06:48:10Z INFO CommandLineParser] Adding Command: h
[2023-03-12 06:48:10Z INFO Listener] Arguments parsed
[2023-03-12 06:48:10Z INFO CommandSettings] Command 'configure': 'False'
[2023-03-12 06:48:10Z INFO CommandSettings] Command 'remove': 'False'
[2023-03-12 06:48:10Z INFO CommandSettings] Command 'run': 'True'
[2023-03-12 06:48:10Z ERR  Terminal] WRITE ERROR: Unrecognized command-line input arguments for command run: 'h'. For usage refer to: .\config.cmd --help or ./config.sh --help
[2023-03-12 06:48:10Z INFO Runner] ExecuteCommand
[2023-03-12 06:48:10Z INFO ConfigurationStore] currentAssemblyLocation: /home/taufikmaulana/Documents/kerja/prep/Bitwyre/test/node-express-rest-api-example/actions-runner/bin/Runner.Listener.dll
[2023-03-12 06:48:10Z INFO HostContext] Well known directory 'Bin': '/home/taufikmaulana/Documents/kerja/prep/Bitwyre/test/node-express-rest-api-example/actions-runner/bin'
[2023-03-12 06:48:10Z INFO ConfigurationStore] binPath: /home/taufikmaulana/Documents/kerja/prep/Bitwyre/test/node-express-rest-api-example/actions-runner/bin
[2023-03-12 06:48:10Z INFO HostContext] Well known directory 'Bin': '/home/taufikmaulana/Documents/kerja/prep/Bitwyre/test/node-express-rest-api-example/actions-runner/bin'
[2023-03-12 06:48:10Z INFO HostContext] Well known directory 'Root': '/home/taufikmaulana/Documents/kerja/prep/Bitwyre/test/node-express-rest-api-example/actions-runner'
[2023-03-12 06:48:10Z INFO ConfigurationStore] RootFolder: /home/taufikmaulana/Documents/kerja/prep/Bitwyre/test/node-express-rest-api-example/actions-runner
[2023-03-12 06:48:10Z INFO HostContext] Well known directory 'Bin': '/home/taufikmaulana/Documents/kerja/prep/Bitwyre/test/node-express-rest-api-example/actions-runner/bin'
[2023-03-12 06:48:10Z INFO HostContext] Well known directory 'Root': '/home/taufikmaulana/Documents/kerja/prep/Bitwyre/test/node-express-rest-api-example/actions-runner'
[2023-03-12 06:48:10Z INFO HostContext] Well known config file 'Runner': '/home/taufikmaulana/Documents/kerja/prep/Bitwyre/test/node-express-rest-api-example/actions-runner/.runner'
[2023-03-12 06:48:10Z INFO ConfigurationStore] ConfigFilePath: /home/taufikmaulana/Documents/kerja/prep/Bitwyre/test/node-express-rest-api-example/actions-runner/.runner
[2023-03-12 06:48:10Z INFO HostContext] Well known directory 'Bin': '/home/taufikmaulana/Documents/kerja/prep/Bitwyre/test/node-express-rest-api-example/actions-runner/bin'
[2023-03-12 06:48:10Z INFO HostContext] Well known directory 'Root': '/home/taufikmaulana/Documents/kerja/prep/Bitwyre/test/node-express-rest-api-example/actions-runner'
[2023-03-12 06:48:10Z INFO HostContext] Well known config file 'Credentials': '/home/taufikmaulana/Documents/kerja/prep/Bitwyre/test/node-express-rest-api-example/actions-runner/.credentials'
[2023-03-12 06:48:10Z INFO ConfigurationStore] CredFilePath: /home/taufikmaulana/Documents/kerja/prep/Bitwyre/test/node-express-rest-api-example/actions-runner/.credentials
[2023-03-12 06:48:10Z INFO HostContext] Well known directory 'Bin': '/home/taufikmaulana/Documents/kerja/prep/Bitwyre/test/node-express-rest-api-example/actions-runner/bin'
[2023-03-12 06:48:10Z INFO HostContext] Well known directory 'Root': '/home/taufikmaulana/Documents/kerja/prep/Bitwyre/test/node-express-rest-api-example/actions-runner'
[2023-03-12 06:48:10Z INFO HostContext] Well known config file 'MigratedCredentials': '/home/taufikmaulana/Documents/kerja/prep/Bitwyre/test/node-express-rest-api-example/actions-runner/.credentials_migrated'
[2023-03-12 06:48:10Z INFO ConfigurationStore] MigratedCredFilePath: /home/taufikmaulana/Documents/kerja/prep/Bitwyre/test/node-express-rest-api-example/actions-runner/.credentials_migrated
[2023-03-12 06:48:10Z INFO HostContext] Well known directory 'Bin': '/home/taufikmaulana/Documents/kerja/prep/Bitwyre/test/node-express-rest-api-example/actions-runner/bin'
[2023-03-12 06:48:10Z INFO HostContext] Well known directory 'Root': '/home/taufikmaulana/Documents/kerja/prep/Bitwyre/test/node-express-rest-api-example/actions-runner'
[2023-03-12 06:48:10Z INFO HostContext] Well known config file 'Service': '/home/taufikmaulana/Documents/kerja/prep/Bitwyre/test/node-express-rest-api-example/actions-runner/.service'
[2023-03-12 06:48:10Z INFO ConfigurationStore] ServiceConfigFilePath: /home/taufikmaulana/Documents/kerja/prep/Bitwyre/test/node-express-rest-api-example/actions-runner/.service
[2023-03-12 06:48:10Z INFO CommandSettings] Flag 'help': 'False'
[2023-03-12 06:48:10Z INFO CommandSettings] Flag 'version': 'False'
[2023-03-12 06:48:10Z INFO CommandSettings] Flag 'commit': 'False'
[2023-03-12 06:48:10Z INFO CommandSettings] Flag 'check': 'False'
[2023-03-12 06:48:10Z INFO CommandSettings] Command 'configure': 'False'
[2023-03-12 06:48:10Z INFO CommandSettings] Command 'remove': 'False'
[2023-03-12 06:48:10Z INFO CommandSettings] Command 'warmup': 'False'
[2023-03-12 06:48:10Z INFO ConfigurationManager] LoadSettings
[2023-03-12 06:48:10Z INFO ConfigurationStore] IsConfigured()
[2023-03-12 06:48:10Z INFO ConfigurationStore] IsConfigured: True
[2023-03-12 06:48:10Z INFO ConfigurationManager] Is configured: True
[2023-03-12 06:48:10Z INFO ConfigurationStore] Read setting file: 300 chars
[2023-03-12 06:48:10Z INFO ConfigurationManager] Settings Loaded
[2023-03-12 06:48:10Z INFO ConfigurationStore] IsServiceConfigured()
[2023-03-12 06:48:10Z INFO ConfigurationStore] IsServiceConfigured: False
[2023-03-12 06:48:10Z INFO CommandSettings] Command 'run': 'True'
[2023-03-12 06:48:10Z INFO ConfigurationStore] IsConfigured()
[2023-03-12 06:48:10Z INFO ConfigurationStore] IsConfigured: True
[2023-03-12 06:48:10Z INFO ConfigurationManager] Is configured: True
[2023-03-12 06:48:10Z INFO Runner] Could not parse the argument value '' for StartupType. Defaulting to Manual
[2023-03-12 06:48:10Z INFO Runner] Set runner startup type - Manual
[2023-03-12 06:48:10Z INFO CommandSettings] Flag 'once': 'False'
[2023-03-12 06:48:10Z INFO CommandSettings] Flag 'once': 'False'
[2023-03-12 06:48:10Z INFO Runner] RunAsync
[2023-03-12 06:48:10Z INFO ConfigurationManager] LoadSettings
[2023-03-12 06:48:10Z INFO ConfigurationStore] IsConfigured()
[2023-03-12 06:48:10Z INFO ConfigurationStore] IsConfigured: True
[2023-03-12 06:48:10Z INFO ConfigurationManager] Is configured: True
[2023-03-12 06:48:10Z INFO ConfigurationManager] Settings Loaded
[2023-03-12 06:48:10Z INFO MessageListener] {
  "AgentId": 24,
  "AgentName": "pop-os",
  "PoolId": 1,
  "PoolName": "Default",
  "ServerUrl": "https://pipelines.actions.githubusercontent.com/F0Ed34UtTOejw8hLJsFbGr3FqJKLBKGt5O6trR7VqAIwpnHm9l",
  "GitHubUrl": "https://github.com/tombo0/node-express-rest-api-example",
  "WorkFolder": "_work"
}
[2023-03-12 06:48:10Z INFO MessageListener] Loading Credentials
[2023-03-12 06:48:10Z INFO ConfigurationStore] HasCredentials()
[2023-03-12 06:48:10Z INFO ConfigurationStore] stored True
[2023-03-12 06:48:10Z INFO CredentialManager] GetCredentialProvider
[2023-03-12 06:48:10Z INFO CredentialManager] Creating type OAuth
[2023-03-12 06:48:10Z INFO CredentialManager] Creating credential type: OAuth
[2023-03-12 06:48:10Z INFO HostContext] Well known directory 'Bin': '/home/taufikmaulana/Documents/kerja/prep/Bitwyre/test/node-express-rest-api-example/actions-runner/bin'
[2023-03-12 06:48:10Z INFO HostContext] Well known directory 'Root': '/home/taufikmaulana/Documents/kerja/prep/Bitwyre/test/node-express-rest-api-example/actions-runner'
[2023-03-12 06:48:10Z INFO HostContext] Well known config file 'RSACredentials': '/home/taufikmaulana/Documents/kerja/prep/Bitwyre/test/node-express-rest-api-example/actions-runner/.credentials_rsaparams'
[2023-03-12 06:48:10Z INFO RSAFileKeyManager] Loading RSA key parameters from file /home/taufikmaulana/Documents/kerja/prep/Bitwyre/test/node-express-rest-api-example/actions-runner/.credentials_rsaparams
[2023-03-12 06:48:10Z INFO MessageListener] Attempt to create session.
[2023-03-12 06:48:10Z INFO MessageListener] Connecting to the Runner Server...
[2023-03-12 06:48:10Z INFO RunnerServer] EstablishVssConnection
[2023-03-12 06:48:10Z INFO RunnerServer] Establish connection with 100 seconds timeout.
[2023-03-12 06:48:10Z INFO GitHubActionsService] Starting operation Location.GetConnectionData
[2023-03-12 06:48:10Z INFO RunnerServer] EstablishVssConnection
[2023-03-12 06:48:10Z INFO RunnerServer] Establish connection with 60 seconds timeout.
[2023-03-12 06:48:10Z INFO GitHubActionsService] Starting operation Location.GetConnectionData
[2023-03-12 06:48:10Z INFO RunnerServer] EstablishVssConnection
[2023-03-12 06:48:10Z INFO RunnerServer] Establish connection with 60 seconds timeout.
[2023-03-12 06:48:10Z INFO GitHubActionsService] Starting operation Location.GetConnectionData
[2023-03-12 06:48:11Z INFO GitHubActionsService] Finished operation Location.GetConnectionData
[2023-03-12 06:48:11Z INFO Terminal] WRITE LINE: Exiting...
[2023-03-12 06:48:11Z INFO ConfigurationStore] IsServiceConfigured()
[2023-03-12 06:48:11Z INFO ConfigurationStore] IsServiceConfigured: False
[2023-03-12 06:48:11Z INFO HostContext] Runner will be shutdown for UserCancelled
[2023-03-12 06:48:12Z INFO GitHubActionsService] Finished operation Location.GetConnectionData
[2023-03-12 06:48:12Z INFO GitHubActionsService] Finished operation Location.GetConnectionData
[2023-03-12 06:48:12Z INFO MessageListener] VssConnection created
[2023-03-12 06:48:12Z INFO Terminal] WRITE LINE: 
[2023-03-12 06:48:12Z INFO Terminal] WRITE LINE: 
[2023-03-12 06:48:12Z WARN GitHubActionsService] POST request to https://pipelines.actions.githubusercontent.com/F0Ed34UtTOejw8hLJsFbGr3FqJKLBKGt5O6trR7VqAIwpnHm9l/_apis/distributedtask/pools/1/sessions has been cancelled.
[2023-03-12 06:48:12Z INFO MessageListener] Session creation has been cancelled.
[2023-03-12 06:48:12Z INFO Listener] Runner execution been cancelled.
