[2023-03-12 06:10:32Z INFO HostContext] No proxy settings were found based on environmental variables (http_proxy/https_proxy/HTTP_PROXY/HTTPS_PROXY)
[2023-03-12 06:10:32Z INFO HostContext] Well known directory 'Bin': '/home/taufikmaulana/Documents/kerja/prep/Bitwyre/test/node-express-rest-api-example/actions-runner/bin'
[2023-03-12 06:10:32Z INFO HostContext] Well known directory 'Root': '/home/taufikmaulana/Documents/kerja/prep/Bitwyre/test/node-express-rest-api-example/actions-runner'
[2023-03-12 06:10:32Z INFO HostContext] Well known config file 'Credentials': '/home/taufikmaulana/Documents/kerja/prep/Bitwyre/test/node-express-rest-api-example/actions-runner/.credentials'
[2023-03-12 06:10:32Z INFO HostContext] Well known directory 'Bin': '/home/taufikmaulana/Documents/kerja/prep/Bitwyre/test/node-express-rest-api-example/actions-runner/bin'
[2023-03-12 06:10:32Z INFO HostContext] Well known directory 'Root': '/home/taufikmaulana/Documents/kerja/prep/Bitwyre/test/node-express-rest-api-example/actions-runner'
[2023-03-12 06:10:32Z INFO HostContext] Well known config file 'Runner': '/home/taufikmaulana/Documents/kerja/prep/Bitwyre/test/node-express-rest-api-example/actions-runner/.runner'
[2023-03-12 06:10:32Z INFO Listener] Runner is built for Linux (X64) - linux-x64.
[2023-03-12 06:10:32Z INFO Listener] RuntimeInformation: Linux 6.1.11-76060111-generic #202302091138~1675975749~22.04~f771a7f SMP PREEMPT_DYNAMIC Thu F.
[2023-03-12 06:10:32Z INFO Listener] Version: 2.302.1
[2023-03-12 06:10:32Z INFO Listener] Commit: b3492cb90f7a757c5a39196f956340fbbbae14d1
[2023-03-12 06:10:32Z INFO Listener] Culture: en-US
[2023-03-12 06:10:32Z INFO Listener] UI Culture: en-US
[2023-03-12 06:10:32Z INFO HostContext] Well known directory 'Bin': '/home/taufikmaulana/Documents/kerja/prep/Bitwyre/test/node-express-rest-api-example/actions-runner/bin'
[2023-03-12 06:10:32Z INFO HostContext] Well known directory 'Root': '/home/taufikmaulana/Documents/kerja/prep/Bitwyre/test/node-express-rest-api-example/actions-runner'
[2023-03-12 06:10:32Z INFO Listener] Validating directory permissions for: '/home/taufikmaulana/Documents/kerja/prep/Bitwyre/test/node-express-rest-api-example/actions-runner'
[2023-03-12 06:10:32Z INFO CommandLineParser] Parse
[2023-03-12 06:10:32Z INFO CommandLineParser] Parsing 5 args
[2023-03-12 06:10:32Z INFO CommandLineParser] parsing argument
[2023-03-12 06:10:32Z INFO CommandLineParser] HasArgs: False
[2023-03-12 06:10:32Z INFO CommandLineParser] Adding Command: configure
[2023-03-12 06:10:32Z INFO CommandLineParser] parsing argument
[2023-03-12 06:10:32Z INFO CommandLineParser] HasArgs: True
[2023-03-12 06:10:32Z INFO CommandLineParser] arg: url
[2023-03-12 06:10:32Z INFO CommandLineParser] parsing argument
[2023-03-12 06:10:32Z INFO CommandLineParser] HasArgs: True
[2023-03-12 06:10:32Z INFO CommandLineParser] Adding option 'url': 'https://github.com/tombo0/node-express-rest-api-example'
[2023-03-12 06:10:32Z INFO CommandLineParser] parsing argument
[2023-03-12 06:10:32Z INFO CommandLineParser] HasArgs: True
[2023-03-12 06:10:32Z INFO CommandLineParser] arg: token
[2023-03-12 06:10:32Z INFO CommandLineParser] parsing argument
[2023-03-12 06:10:32Z INFO CommandLineParser] HasArgs: True
[2023-03-12 06:10:32Z INFO CommandLineParser] Adding option 'token': '***'
[2023-03-12 06:10:32Z INFO Listener] Arguments parsed
[2023-03-12 06:10:32Z INFO Runner] ExecuteCommand
[2023-03-12 06:10:32Z INFO ConfigurationStore] currentAssemblyLocation: /home/taufikmaulana/Documents/kerja/prep/Bitwyre/test/node-express-rest-api-example/actions-runner/bin/Runner.Listener.dll
[2023-03-12 06:10:32Z INFO HostContext] Well known directory 'Bin': '/home/taufikmaulana/Documents/kerja/prep/Bitwyre/test/node-express-rest-api-example/actions-runner/bin'
[2023-03-12 06:10:32Z INFO ConfigurationStore] binPath: /home/taufikmaulana/Documents/kerja/prep/Bitwyre/test/node-express-rest-api-example/actions-runner/bin
[2023-03-12 06:10:32Z INFO HostContext] Well known directory 'Bin': '/home/taufikmaulana/Documents/kerja/prep/Bitwyre/test/node-express-rest-api-example/actions-runner/bin'
[2023-03-12 06:10:32Z INFO HostContext] Well known directory 'Root': '/home/taufikmaulana/Documents/kerja/prep/Bitwyre/test/node-express-rest-api-example/actions-runner'
[2023-03-12 06:10:32Z INFO ConfigurationStore] RootFolder: /home/taufikmaulana/Documents/kerja/prep/Bitwyre/test/node-express-rest-api-example/actions-runner
[2023-03-12 06:10:32Z INFO HostContext] Well known directory 'Bin': '/home/taufikmaulana/Documents/kerja/prep/Bitwyre/test/node-express-rest-api-example/actions-runner/bin'
[2023-03-12 06:10:32Z INFO HostContext] Well known directory 'Root': '/home/taufikmaulana/Documents/kerja/prep/Bitwyre/test/node-express-rest-api-example/actions-runner'
[2023-03-12 06:10:32Z INFO HostContext] Well known config file 'Runner': '/home/taufikmaulana/Documents/kerja/prep/Bitwyre/test/node-express-rest-api-example/actions-runner/.runner'
[2023-03-12 06:10:32Z INFO ConfigurationStore] ConfigFilePath: /home/taufikmaulana/Documents/kerja/prep/Bitwyre/test/node-express-rest-api-example/actions-runner/.runner
[2023-03-12 06:10:32Z INFO HostContext] Well known directory 'Bin': '/home/taufikmaulana/Documents/kerja/prep/Bitwyre/test/node-express-rest-api-example/actions-runner/bin'
[2023-03-12 06:10:32Z INFO HostContext] Well known directory 'Root': '/home/taufikmaulana/Documents/kerja/prep/Bitwyre/test/node-express-rest-api-example/actions-runner'
[2023-03-12 06:10:32Z INFO HostContext] Well known config file 'Credentials': '/home/taufikmaulana/Documents/kerja/prep/Bitwyre/test/node-express-rest-api-example/actions-runner/.credentials'
[2023-03-12 06:10:32Z INFO ConfigurationStore] CredFilePath: /home/taufikmaulana/Documents/kerja/prep/Bitwyre/test/node-express-rest-api-example/actions-runner/.credentials
[2023-03-12 06:10:32Z INFO HostContext] Well known directory 'Bin': '/home/taufikmaulana/Documents/kerja/prep/Bitwyre/test/node-express-rest-api-example/actions-runner/bin'
[2023-03-12 06:10:32Z INFO HostContext] Well known directory 'Root': '/home/taufikmaulana/Documents/kerja/prep/Bitwyre/test/node-express-rest-api-example/actions-runner'
[2023-03-12 06:10:32Z INFO HostContext] Well known config file 'MigratedCredentials': '/home/taufikmaulana/Documents/kerja/prep/Bitwyre/test/node-express-rest-api-example/actions-runner/.credentials_migrated'
[2023-03-12 06:10:32Z INFO ConfigurationStore] MigratedCredFilePath: /home/taufikmaulana/Documents/kerja/prep/Bitwyre/test/node-express-rest-api-example/actions-runner/.credentials_migrated
[2023-03-12 06:10:32Z INFO HostContext] Well known directory 'Bin': '/home/taufikmaulana/Documents/kerja/prep/Bitwyre/test/node-express-rest-api-example/actions-runner/bin'
[2023-03-12 06:10:32Z INFO HostContext] Well known directory 'Root': '/home/taufikmaulana/Documents/kerja/prep/Bitwyre/test/node-express-rest-api-example/actions-runner'
[2023-03-12 06:10:32Z INFO HostContext] Well known config file 'Service': '/home/taufikmaulana/Documents/kerja/prep/Bitwyre/test/node-express-rest-api-example/actions-runner/.service'
[2023-03-12 06:10:32Z INFO ConfigurationStore] ServiceConfigFilePath: /home/taufikmaulana/Documents/kerja/prep/Bitwyre/test/node-express-rest-api-example/actions-runner/.service
[2023-03-12 06:10:32Z INFO CommandSettings] Flag 'help': 'False'
[2023-03-12 06:10:32Z INFO CommandSettings] Flag 'version': 'False'
[2023-03-12 06:10:32Z INFO CommandSettings] Flag 'commit': 'False'
[2023-03-12 06:10:32Z INFO CommandSettings] Flag 'check': 'False'
[2023-03-12 06:10:32Z INFO CommandSettings] Command 'configure': 'True'
[2023-03-12 06:10:32Z INFO Terminal] WRITE LINE: 
[2023-03-12 06:10:32Z INFO Terminal] WRITE LINE: --------------------------------------------------------------------------------
[2023-03-12 06:10:32Z INFO Terminal] WRITE LINE: |        ____ _ _   _   _       _          _        _   _                      |
[2023-03-12 06:10:32Z INFO Terminal] WRITE LINE: |       / ___(_) |_| | | |_   _| |__      / \   ___| |_(_) ___  _ __  ___      |
[2023-03-12 06:10:32Z INFO Terminal] WRITE LINE: |      | |  _| | __| |_| | | | | '_ \    / _ \ / __| __| |/ _ \| '_ \/ __|     |
[2023-03-12 06:10:32Z INFO Terminal] WRITE LINE: |      | |_| | | |_|  _  | |_| | |_) |  / ___ \ (__| |_| | (_) | | | \__ \     |
[2023-03-12 06:10:32Z INFO Terminal] WRITE LINE: |       \____|_|\__|_| |_|\__,_|_.__/  /_/   \_\___|\__|_|\___/|_| |_|___/     |
[2023-03-12 06:10:32Z INFO Terminal] WRITE LINE: |                                                                              |
[2023-03-12 06:10:32Z INFO Terminal] WRITE: |                       
[2023-03-12 06:10:32Z INFO Terminal] WRITE: Self-hosted runner registration
[2023-03-12 06:10:32Z INFO Terminal] WRITE LINE:                         |
[2023-03-12 06:10:32Z INFO Terminal] WRITE LINE: |                                                                              |
[2023-03-12 06:10:32Z INFO Terminal] WRITE LINE: --------------------------------------------------------------------------------
[2023-03-12 06:10:32Z INFO ConfigurationManager] ConfigureAsync
[2023-03-12 06:10:32Z INFO CommandSettings] Flag 'generateServiceConfig': 'False'
[2023-03-12 06:10:32Z INFO ConfigurationStore] IsConfigured()
[2023-03-12 06:10:32Z INFO ConfigurationStore] IsConfigured: False
[2023-03-12 06:10:32Z INFO ConfigurationManager] Is configured: False
[2023-03-12 06:10:32Z INFO CommandSettings] Arg 'url': 'https://github.com/tombo0/node-express-rest-api-example'
[2023-03-12 06:10:32Z INFO CommandSettings] Remove url from Arg dictionary.
[2023-03-12 06:10:32Z INFO CommandSettings] Arg 'token': '***'
[2023-03-12 06:10:32Z INFO CommandSettings] Remove token from Arg dictionary.
[2023-03-12 06:10:33Z INFO ConfigurationManager] Http response code: OK from 'POST https://api.github.com/actions/runner-registration' (0548:1061:1B8233D:1CA63A6:640D6CD9)
[2023-03-12 06:10:33Z INFO ConfigurationManager] cred retrieved via GitHub auth
[2023-03-12 06:10:33Z INFO RunnerServer] EstablishVssConnection
[2023-03-12 06:10:33Z INFO RunnerServer] Establish connection with 100 seconds timeout.
[2023-03-12 06:10:33Z INFO GitHubActionsService] Starting operation Location.GetConnectionData
[2023-03-12 06:10:33Z INFO RunnerServer] EstablishVssConnection
[2023-03-12 06:10:33Z INFO RunnerServer] Establish connection with 60 seconds timeout.
[2023-03-12 06:10:33Z INFO GitHubActionsService] Starting operation Location.GetConnectionData
[2023-03-12 06:10:33Z INFO RunnerServer] EstablishVssConnection
[2023-03-12 06:10:33Z INFO RunnerServer] Establish connection with 60 seconds timeout.
[2023-03-12 06:10:33Z INFO GitHubActionsService] Starting operation Location.GetConnectionData
[2023-03-12 06:10:34Z INFO GitHubActionsService] Finished operation Location.GetConnectionData
[2023-03-12 06:10:34Z INFO GitHubActionsService] Finished operation Location.GetConnectionData
[2023-03-12 06:10:35Z INFO GitHubActionsService] Finished operation Location.GetConnectionData
[2023-03-12 06:10:35Z INFO Terminal] WRITE LINE: 
[2023-03-12 06:10:35Z INFO ConfigurationManager] Test Connection complete.
[2023-03-12 06:10:35Z INFO HostContext] Well known directory 'Bin': '/home/taufikmaulana/Documents/kerja/prep/Bitwyre/test/node-express-rest-api-example/actions-runner/bin'
[2023-03-12 06:10:35Z INFO HostContext] Well known directory 'Root': '/home/taufikmaulana/Documents/kerja/prep/Bitwyre/test/node-express-rest-api-example/actions-runner'
[2023-03-12 06:10:35Z INFO HostContext] Well known config file 'RSACredentials': '/home/taufikmaulana/Documents/kerja/prep/Bitwyre/test/node-express-rest-api-example/actions-runner/.credentials_rsaparams'
[2023-03-12 06:10:35Z INFO RSAFileKeyManager] Creating new RSA key using 2048-bit key length
[2023-03-12 06:10:35Z INFO RSAFileKeyManager] Successfully saved RSA key parameters to file /home/taufikmaulana/Documents/kerja/prep/Bitwyre/test/node-express-rest-api-example/actions-runner/.credentials_rsaparams
[2023-03-12 06:10:35Z INFO RSAFileKeyManager] Which: 'chmod'
[2023-03-12 06:10:35Z INFO RSAFileKeyManager] Location: '/usr/bin/chmod'
[2023-03-12 06:10:35Z INFO HostContext] Well known directory 'Bin': '/home/taufikmaulana/Documents/kerja/prep/Bitwyre/test/node-express-rest-api-example/actions-runner/bin'
[2023-03-12 06:10:35Z INFO HostContext] Well known directory 'Root': '/home/taufikmaulana/Documents/kerja/prep/Bitwyre/test/node-express-rest-api-example/actions-runner'
[2023-03-12 06:10:35Z INFO ProcessInvokerWrapper] Starting process:
[2023-03-12 06:10:35Z INFO ProcessInvokerWrapper]   File name: '/usr/bin/chmod'
[2023-03-12 06:10:35Z INFO ProcessInvokerWrapper]   Arguments: '600 /home/taufikmaulana/Documents/kerja/prep/Bitwyre/test/node-express-rest-api-example/actions-runner/.credentials_rsaparams'
[2023-03-12 06:10:35Z INFO ProcessInvokerWrapper]   Working directory: '/home/taufikmaulana/Documents/kerja/prep/Bitwyre/test/node-express-rest-api-example/actions-runner'
[2023-03-12 06:10:35Z INFO ProcessInvokerWrapper]   Require exit code zero: 'False'
[2023-03-12 06:10:35Z INFO ProcessInvokerWrapper]   Encoding web name:  ; code page: ''
[2023-03-12 06:10:35Z INFO ProcessInvokerWrapper]   Force kill process on cancellation: 'False'
[2023-03-12 06:10:35Z INFO ProcessInvokerWrapper]   Redirected STDIN: 'False'
[2023-03-12 06:10:35Z INFO ProcessInvokerWrapper]   Persist current code page: 'False'
[2023-03-12 06:10:35Z INFO ProcessInvokerWrapper]   Keep redirected STDIN open: 'False'
[2023-03-12 06:10:35Z INFO ProcessInvokerWrapper]   High priority process: 'False'
[2023-03-12 06:10:35Z INFO ProcessInvokerWrapper] Process started with process id 20160, waiting for process exit.
[2023-03-12 06:10:35Z INFO ProcessInvokerWrapper] STDOUT/STDERR stream read finished.
[2023-03-12 06:10:35Z INFO ProcessInvokerWrapper] STDOUT/STDERR stream read finished.
[2023-03-12 06:10:35Z INFO ProcessInvokerWrapper] Finished process 20160 with exit code 0, and elapsed time 00:00:00.0052472.
[2023-03-12 06:10:35Z INFO RSAFileKeyManager] Successfully set permissions for RSA key parameters file /home/taufikmaulana/Documents/kerja/prep/Bitwyre/test/node-express-rest-api-example/actions-runner/.credentials_rsaparams
[2023-03-12 06:10:35Z INFO CommandSettings] Arg 'runnergroup': ''
[2023-03-12 06:10:35Z INFO CommandSettings] Flag 'unattended': 'False'
[2023-03-12 06:10:35Z INFO PromptManager] ReadValue
[2023-03-12 06:10:35Z INFO Terminal] WRITE: Enter the name of the runner group to add this runner to: 
[2023-03-12 06:10:35Z INFO Terminal] WRITE: [press Enter for Default] 
[2023-03-12 06:10:35Z INFO Terminal] READ LINE
[2023-03-12 06:10:36Z INFO Terminal] Read value: ''
[2023-03-12 06:10:36Z INFO PromptManager] Falling back to the default: 'Default'
[2023-03-12 06:10:36Z INFO Terminal] WRITE LINE: 
[2023-03-12 06:10:36Z INFO ConfigurationManager] Found a self-hosted runner group with id 1 and name Default
[2023-03-12 06:10:36Z INFO CommandSettings] Flag 'disableupdate': 'False'
[2023-03-12 06:10:36Z INFO CommandSettings] Flag 'ephemeral': 'False'
[2023-03-12 06:10:36Z INFO CommandSettings] Arg 'name': ''
[2023-03-12 06:10:36Z INFO CommandSettings] Flag 'unattended': 'False'
[2023-03-12 06:10:36Z INFO PromptManager] ReadValue
[2023-03-12 06:10:36Z INFO Terminal] WRITE: Enter the name of runner: 
[2023-03-12 06:10:36Z INFO Terminal] WRITE: [press Enter for pop-os] 
[2023-03-12 06:10:36Z INFO Terminal] READ LINE
[2023-03-12 06:10:37Z INFO Terminal] Read value: ''
[2023-03-12 06:10:37Z INFO PromptManager] Falling back to the default: 'pop-os'
[2023-03-12 06:10:37Z INFO Terminal] WRITE LINE: 
[2023-03-12 06:10:37Z INFO CommandSettings] Arg 'labels': ''
[2023-03-12 06:10:37Z INFO CommandSettings] Flag 'unattended': 'False'
[2023-03-12 06:10:37Z INFO PromptManager] ReadValue
[2023-03-12 06:10:37Z INFO Terminal] WRITE: This runner will have the following labels: 'self-hosted', 'Linux', 'X64' 
Enter any additional labels (ex. label-1,label-2): 
[2023-03-12 06:10:37Z INFO Terminal] WRITE: [press Enter to skip] 
[2023-03-12 06:10:37Z INFO Terminal] READ LINE
[2023-03-12 06:10:37Z INFO Terminal] Read value: ''
[2023-03-12 06:10:37Z INFO Terminal] WRITE LINE: 
[2023-03-12 06:10:38Z INFO Terminal] WRITE LINE: A runner exists with the same name
[2023-03-12 06:10:38Z INFO CommandSettings] Flag 'replace': 'False'
[2023-03-12 06:10:38Z INFO CommandSettings] Flag 'unattended': 'False'
[2023-03-12 06:10:38Z INFO PromptManager] ReadValue
[2023-03-12 06:10:38Z INFO Terminal] WRITE: Would you like to replace the existing runner? (Y/N) 
[2023-03-12 06:10:38Z INFO Terminal] WRITE: [press Enter for N] 
[2023-03-12 06:10:38Z INFO Terminal] READ LINE
[2023-03-12 06:10:40Z INFO Terminal] Read value: 'Y'
[2023-03-12 06:10:40Z INFO CommandSettings] Flag 'disableupdate': 'False'
[2023-03-12 06:10:41Z INFO CommandSettings] Flag 'disableupdate': 'False'
[2023-03-12 06:10:41Z INFO CommandSettings] Flag 'ephemeral': 'False'
[2023-03-12 06:10:41Z INFO ConfigurationStore] Saving OAuth credential @ /home/taufikmaulana/Documents/kerja/prep/Bitwyre/test/node-express-rest-api-example/actions-runner/.credentials
[2023-03-12 06:10:41Z INFO ConfigurationStore] Credentials Saved.
[2023-03-12 06:10:41Z INFO ConfigurationStore] HasCredentials()
[2023-03-12 06:10:41Z INFO ConfigurationStore] stored True
[2023-03-12 06:10:41Z INFO CredentialManager] GetCredentialProvider
[2023-03-12 06:10:41Z INFO CredentialManager] Creating type OAuth
[2023-03-12 06:10:41Z INFO CredentialManager] Creating credential type: OAuth
[2023-03-12 06:10:41Z INFO RSAFileKeyManager] Loading RSA key parameters from file /home/taufikmaulana/Documents/kerja/prep/Bitwyre/test/node-express-rest-api-example/actions-runner/.credentials_rsaparams
[2023-03-12 06:10:41Z INFO RunnerServer] EstablishVssConnection
[2023-03-12 06:10:41Z INFO RunnerServer] Establish connection with 100 seconds timeout.
[2023-03-12 06:10:41Z INFO GitHubActionsService] Starting operation Location.GetConnectionData
[2023-03-12 06:10:41Z INFO RunnerServer] EstablishVssConnection
[2023-03-12 06:10:41Z INFO RunnerServer] Establish connection with 60 seconds timeout.
[2023-03-12 06:10:41Z INFO GitHubActionsService] Starting operation Location.GetConnectionData
[2023-03-12 06:10:41Z INFO RunnerServer] EstablishVssConnection
[2023-03-12 06:10:41Z INFO RunnerServer] Establish connection with 60 seconds timeout.
[2023-03-12 06:10:41Z INFO GitHubActionsService] Starting operation Location.GetConnectionData
[2023-03-12 06:10:42Z INFO GitHubActionsService] Finished operation Location.GetConnectionData
[2023-03-12 06:10:42Z INFO GitHubActionsService] Finished operation Location.GetConnectionData
[2023-03-12 06:10:42Z INFO GitHubActionsService] Finished operation Location.GetConnectionData
[2023-03-12 06:10:43Z INFO RSAFileKeyManager] Loading RSA key parameters from file /home/taufikmaulana/Documents/kerja/prep/Bitwyre/test/node-express-rest-api-example/actions-runner/.credentials_rsaparams
[2023-03-12 06:10:43Z INFO RSAFileKeyManager] Loading RSA key parameters from file /home/taufikmaulana/Documents/kerja/prep/Bitwyre/test/node-express-rest-api-example/actions-runner/.credentials_rsaparams
[2023-03-12 06:10:44Z INFO GitHubActionsService] AAD Correlation ID for this token request: Unknown
[2023-03-12 06:10:45Z INFO CommandSettings] Arg 'work': ''
[2023-03-12 06:10:45Z INFO CommandSettings] Flag 'unattended': 'False'
[2023-03-12 06:10:45Z INFO PromptManager] ReadValue
[2023-03-12 06:10:45Z INFO Terminal] WRITE: Enter name of work folder: 
[2023-03-12 06:10:45Z INFO Terminal] WRITE: [press Enter for _work] 
[2023-03-12 06:10:45Z INFO Terminal] READ LINE
[2023-03-12 06:10:47Z INFO Terminal] Read value: ''
[2023-03-12 06:10:47Z INFO PromptManager] Falling back to the default: '_work'
[2023-03-12 06:10:47Z INFO ConfigurationStore] Saving runner settings.
[2023-03-12 06:10:47Z INFO ConfigurationStore] Settings Saved.
[2023-03-12 06:10:47Z INFO Terminal] WRITE LINE: 
[2023-03-12 06:10:47Z INFO Terminal] WRITE LINE: 
[2023-03-12 06:10:47Z INFO SystemDControlManager] Service name 'actions.runner.tombo0-node-express-rest-api-example.pop-os.service' display name 'GitHub Actions Runner (tombo0-node-express-rest-api-example.pop-os)' will be used for service configuration.
[2023-03-12 06:10:47Z INFO HostContext] Well known directory 'Bin': '/home/taufikmaulana/Documents/kerja/prep/Bitwyre/test/node-express-rest-api-example/actions-runner/bin'
[2023-03-12 06:10:47Z INFO HostContext] Well known directory 'Root': '/home/taufikmaulana/Documents/kerja/prep/Bitwyre/test/node-express-rest-api-example/actions-runner'
[2023-03-12 06:10:47Z INFO HostContext] Well known directory 'Bin': '/home/taufikmaulana/Documents/kerja/prep/Bitwyre/test/node-express-rest-api-example/actions-runner/bin'
[2023-03-12 06:10:47Z INFO HostContext] Well known directory 'Bin': '/home/taufikmaulana/Documents/kerja/prep/Bitwyre/test/node-express-rest-api-example/actions-runner/bin'
[2023-03-12 06:10:47Z INFO HostContext] Well known directory 'Root': '/home/taufikmaulana/Documents/kerja/prep/Bitwyre/test/node-express-rest-api-example/actions-runner'
[2023-03-12 06:10:47Z INFO UnixUtil] Which: 'chmod'
[2023-03-12 06:10:47Z INFO UnixUtil] Location: '/usr/bin/chmod'
[2023-03-12 06:10:47Z INFO UnixUtil] Running /usr/bin/chmod 755 "/home/taufikmaulana/Documents/kerja/prep/Bitwyre/test/node-express-rest-api-example/actions-runner/svc.sh"
[2023-03-12 06:10:47Z INFO ProcessInvokerWrapper] Starting process:
[2023-03-12 06:10:47Z INFO ProcessInvokerWrapper]   File name: '/usr/bin/chmod'
[2023-03-12 06:10:47Z INFO ProcessInvokerWrapper]   Arguments: '755 "/home/taufikmaulana/Documents/kerja/prep/Bitwyre/test/node-express-rest-api-example/actions-runner/svc.sh"'
[2023-03-12 06:10:47Z INFO ProcessInvokerWrapper]   Working directory: '/home/taufikmaulana/Documents/kerja/prep/Bitwyre/test/node-express-rest-api-example/actions-runner'
[2023-03-12 06:10:47Z INFO ProcessInvokerWrapper]   Require exit code zero: 'True'
[2023-03-12 06:10:47Z INFO ProcessInvokerWrapper]   Encoding web name:  ; code page: ''
[2023-03-12 06:10:47Z INFO ProcessInvokerWrapper]   Force kill process on cancellation: 'False'
[2023-03-12 06:10:47Z INFO ProcessInvokerWrapper]   Redirected STDIN: 'False'
[2023-03-12 06:10:47Z INFO ProcessInvokerWrapper]   Persist current code page: 'False'
[2023-03-12 06:10:47Z INFO ProcessInvokerWrapper]   Keep redirected STDIN open: 'False'
[2023-03-12 06:10:47Z INFO ProcessInvokerWrapper]   High priority process: 'False'
[2023-03-12 06:10:47Z INFO ProcessInvokerWrapper] Updated oom_score_adj to 500 for PID: 20241.
[2023-03-12 06:10:47Z INFO ProcessInvokerWrapper] Process started with process id 20241, waiting for process exit.
[2023-03-12 06:10:47Z INFO ProcessInvokerWrapper] STDOUT/STDERR stream read finished.
[2023-03-12 06:10:47Z INFO ProcessInvokerWrapper] STDOUT/STDERR stream read finished.
[2023-03-12 06:10:47Z INFO ProcessInvokerWrapper] Finished process 20241 with exit code 0, and elapsed time 00:00:00.0009661.
[2023-03-12 06:10:47Z INFO Listener] Runner execution has finished with return code 0
